  [1m[35m (0.2ms)[0m  [1m[34mSELECT pg_try_advisory_lock(2543800416081167880)[0m
  ↳ /Users/hotman/.rbenv/versions/2.5.1/bin/rake:23
  [1m[35m (3.3ms)[0m  [1m[34mSELECT "schema_migrations"."version" FROM "schema_migrations" ORDER BY "schema_migrations"."version" ASC[0m
  ↳ /Users/hotman/.rbenv/versions/2.5.1/bin/rake:23
  [1m[36mActiveRecord::InternalMetadata Load (2.3ms)[0m  [1m[34mSELECT  "ar_internal_metadata".* FROM "ar_internal_metadata" WHERE "ar_internal_metadata"."key" = $1 LIMIT $2[0m  [["key", "environment"], ["LIMIT", 1]]
  ↳ /Users/hotman/.rbenv/versions/2.5.1/bin/rake:23
  [1m[35m (0.2ms)[0m  [1m[35mBEGIN[0m
  ↳ /Users/hotman/.rbenv/versions/2.5.1/bin/rake:23
  [1m[35m (0.2ms)[0m  [1m[35mCOMMIT[0m
  ↳ /Users/hotman/.rbenv/versions/2.5.1/bin/rake:23
  [1m[35m (0.2ms)[0m  [1m[34mSELECT pg_advisory_unlock(2543800416081167880)[0m
  ↳ /Users/hotman/.rbenv/versions/2.5.1/bin/rake:23
  [1m[35m (0.2ms)[0m  [1m[34mSELECT "schema_migrations"."version" FROM "schema_migrations" ORDER BY "schema_migrations"."version" ASC[0m
  ↳ /Users/hotman/.rbenv/versions/2.5.1/bin/rake:23
  [1m[35m (1.5ms)[0m  [1m[35mCREATE DATABASE "RailsRadio_development" ENCODING = 'unicode'[0m
  ↳ /Users/hotman/.rbenv/versions/2.5.1/bin/rake:23
  [1m[35m (0.7ms)[0m  [1m[35mCREATE DATABASE "RailsRadio_test" ENCODING = 'unicode'[0m
  ↳ /Users/hotman/.rbenv/versions/2.5.1/bin/rake:23
  [1m[35m (0.9ms)[0m  [1m[34mSELECT "schema_migrations"."version" FROM "schema_migrations" ORDER BY "schema_migrations"."version" ASC[0m
  ↳ /Users/hotman/.rbenv/versions/2.5.1/bin/rake:23
  [1m[35m (0.4ms)[0m  [1m[34mSELECT "ar_internal_metadata"."value" FROM "ar_internal_metadata" WHERE "ar_internal_metadata"."key" = $1[0m  [["key", "environment"]]
  ↳ /Users/hotman/.rbenv/versions/2.5.1/bin/rake:23
  [1m[35m (0.2ms)[0m  [1m[34mSELECT "schema_migrations"."version" FROM "schema_migrations" ORDER BY "schema_migrations"."version" ASC[0m
  ↳ /Users/hotman/.rbenv/versions/2.5.1/bin/rake:23
  [1m[35m (0.2ms)[0m  [1m[34mSELECT "ar_internal_metadata"."value" FROM "ar_internal_metadata" WHERE "ar_internal_metadata"."key" = $1[0m  [["key", "environment"]]
  ↳ /Users/hotman/.rbenv/versions/2.5.1/bin/rake:23
  [1m[35m (0.2ms)[0m  [1m[34mSELECT "schema_migrations"."version" FROM "schema_migrations" ORDER BY "schema_migrations"."version" ASC[0m
  ↳ /Users/hotman/.rbenv/versions/2.5.1/bin/rake:23
  [1m[35m (0.2ms)[0m  [1m[34mSELECT "ar_internal_metadata"."value" FROM "ar_internal_metadata" WHERE "ar_internal_metadata"."key" = $1[0m  [["key", "environment"]]
  ↳ /Users/hotman/.rbenv/versions/2.5.1/bin/rake:23
  [1m[35mSQL (1.5ms)[0m  [1m[35mCREATE EXTENSION IF NOT EXISTS "plpgsql"[0m
  ↳ db/schema.rb:16
  [1m[35m (12.8ms)[0m  [1m[35mDROP TABLE IF EXISTS "diaries" CASCADE[0m
  ↳ db/schema.rb:18
  [1m[35m (39.0ms)[0m  [1m[35mCREATE TABLE "diaries" ("id" bigserial primary key, "title" character varying, "subtitle" character varying, "pages" character varying, "month" integer, "audio_id" character varying, "created_at" timestamp NOT NULL, "updated_at" timestamp NOT NULL)[0m
  ↳ db/schema.rb:18
  [1m[35m (1.1ms)[0m  [1m[34mSELECT "schema_migrations"."version" FROM "schema_migrations" ORDER BY "schema_migrations"."version" ASC[0m
  ↳ db/schema.rb:13
  [1m[36mActiveRecord::InternalMetadata Load (0.4ms)[0m  [1m[34mSELECT  "ar_internal_metadata".* FROM "ar_internal_metadata" WHERE "ar_internal_metadata"."key" = $1 LIMIT $2[0m  [["key", "environment"], ["LIMIT", 1]]
  ↳ db/schema.rb:13
  [1m[35m (0.2ms)[0m  [1m[35mBEGIN[0m
  ↳ db/schema.rb:13
  [1m[35m (0.1ms)[0m  [1m[35mCOMMIT[0m
  ↳ db/schema.rb:13
  [1m[36mActiveRecord::InternalMetadata Load (0.2ms)[0m  [1m[34mSELECT  "ar_internal_metadata".* FROM "ar_internal_metadata" WHERE "ar_internal_metadata"."key" = $1 LIMIT $2[0m  [["key", "environment"], ["LIMIT", 1]]
  ↳ /Users/hotman/.rbenv/versions/2.5.1/bin/rake:23
  [1m[35m (0.1ms)[0m  [1m[35mBEGIN[0m
  ↳ /Users/hotman/.rbenv/versions/2.5.1/bin/rake:23
  [1m[35m (0.1ms)[0m  [1m[35mCOMMIT[0m
  ↳ /Users/hotman/.rbenv/versions/2.5.1/bin/rake:23
  [1m[35mSQL (3.6ms)[0m  [1m[35mCREATE EXTENSION IF NOT EXISTS "plpgsql"[0m
  ↳ db/schema.rb:16
  [1m[35m (20.6ms)[0m  [1m[35mDROP TABLE IF EXISTS "diaries" CASCADE[0m
  ↳ db/schema.rb:18
  [1m[35m (23.9ms)[0m  [1m[35mCREATE TABLE "diaries" ("id" bigserial primary key, "title" character varying, "subtitle" character varying, "pages" character varying, "month" integer, "audio_id" character varying, "created_at" timestamp NOT NULL, "updated_at" timestamp NOT NULL)[0m
  ↳ db/schema.rb:18
  [1m[35m (3.3ms)[0m  [1m[34mSELECT "schema_migrations"."version" FROM "schema_migrations" ORDER BY "schema_migrations"."version" ASC[0m
  ↳ db/schema.rb:13
  [1m[36mActiveRecord::InternalMetadata Load (1.6ms)[0m  [1m[34mSELECT  "ar_internal_metadata".* FROM "ar_internal_metadata" WHERE "ar_internal_metadata"."key" = $1 LIMIT $2[0m  [["key", "environment"], ["LIMIT", 1]]
  ↳ db/schema.rb:13
  [1m[35m (0.2ms)[0m  [1m[35mBEGIN[0m
  ↳ db/schema.rb:13
  [1m[36mActiveRecord::InternalMetadata Update (0.5ms)[0m  [1m[33mUPDATE "ar_internal_metadata" SET "value" = $1, "updated_at" = $2 WHERE "ar_internal_metadata"."key" = $3[0m  [["value", "development"], ["updated_at", "2018-10-25 07:52:51.116236"], ["key", "environment"]]
  ↳ db/schema.rb:13
  [1m[35m (0.6ms)[0m  [1m[35mCOMMIT[0m
  ↳ db/schema.rb:13
  [1m[36mActiveRecord::InternalMetadata Load (0.3ms)[0m  [1m[34mSELECT  "ar_internal_metadata".* FROM "ar_internal_metadata" WHERE "ar_internal_metadata"."key" = $1 LIMIT $2[0m  [["key", "environment"], ["LIMIT", 1]]
  ↳ /Users/hotman/.rbenv/versions/2.5.1/bin/rake:23
  [1m[35m (0.1ms)[0m  [1m[35mBEGIN[0m
  ↳ /Users/hotman/.rbenv/versions/2.5.1/bin/rake:23
  [1m[36mActiveRecord::InternalMetadata Update (0.4ms)[0m  [1m[33mUPDATE "ar_internal_metadata" SET "value" = $1, "updated_at" = $2 WHERE "ar_internal_metadata"."key" = $3[0m  [["value", "test"], ["updated_at", "2018-10-25 07:52:51.121588"], ["key", "environment"]]
  ↳ /Users/hotman/.rbenv/versions/2.5.1/bin/rake:23
  [1m[35m (0.4ms)[0m  [1m[35mCOMMIT[0m
  ↳ /Users/hotman/.rbenv/versions/2.5.1/bin/rake:23
  [1m[35m (0.9ms)[0m  [1m[34mSELECT "schema_migrations"."version" FROM "schema_migrations" ORDER BY "schema_migrations"."version" ASC[0m
  ↳ /Users/hotman/.rbenv/versions/2.5.1/bin/rake:23
  [1m[35m (0.2ms)[0m  [1m[34mSELECT pg_try_advisory_lock(2543800416081167880)[0m
  ↳ /Users/hotman/.rbenv/versions/2.5.1/bin/rake:23
  [1m[35m (0.7ms)[0m  [1m[34mSELECT "schema_migrations"."version" FROM "schema_migrations" ORDER BY "schema_migrations"."version" ASC[0m
  ↳ /Users/hotman/.rbenv/versions/2.5.1/bin/rake:23
  [1m[36mActiveRecord::InternalMetadata Load (0.4ms)[0m  [1m[34mSELECT  "ar_internal_metadata".* FROM "ar_internal_metadata" WHERE "ar_internal_metadata"."key" = $1 LIMIT $2[0m  [["key", "environment"], ["LIMIT", 1]]
  ↳ /Users/hotman/.rbenv/versions/2.5.1/bin/rake:23
  [1m[35m (0.2ms)[0m  [1m[35mBEGIN[0m
  ↳ /Users/hotman/.rbenv/versions/2.5.1/bin/rake:23
  [1m[35m (0.2ms)[0m  [1m[35mCOMMIT[0m
  ↳ /Users/hotman/.rbenv/versions/2.5.1/bin/rake:23
  [1m[35m (0.3ms)[0m  [1m[34mSELECT pg_advisory_unlock(2543800416081167880)[0m
  ↳ /Users/hotman/.rbenv/versions/2.5.1/bin/rake:23
  [1m[35m (0.2ms)[0m  [1m[34mSELECT "schema_migrations"."version" FROM "schema_migrations" ORDER BY "schema_migrations"."version" ASC[0m
  ↳ /Users/hotman/.rbenv/versions/2.5.1/bin/rake:23
Started GET "/diaries" for 127.0.0.1 at 2018-10-25 17:01:01 +0900
  
ActionController::RoutingError (No route matches [GET] "/diaries"):
  
actionpack (5.2.1) lib/action_dispatch/middleware/debug_exceptions.rb:65:in `call'
web-console (3.7.0) lib/web_console/middleware.rb:135:in `call_app'
web-console (3.7.0) lib/web_console/middleware.rb:30:in `block in call'
web-console (3.7.0) lib/web_console/middleware.rb:20:in `catch'
web-console (3.7.0) lib/web_console/middleware.rb:20:in `call'
actionpack (5.2.1) lib/action_dispatch/middleware/show_exceptions.rb:33:in `call'
railties (5.2.1) lib/rails/rack/logger.rb:38:in `call_app'
railties (5.2.1) lib/rails/rack/logger.rb:26:in `block in call'
activesupport (5.2.1) lib/active_support/tagged_logging.rb:71:in `block in tagged'
activesupport (5.2.1) lib/active_support/tagged_logging.rb:28:in `tagged'
activesupport (5.2.1) lib/active_support/tagged_logging.rb:71:in `tagged'
railties (5.2.1) lib/rails/rack/logger.rb:26:in `call'
sprockets-rails (3.2.1) lib/sprockets/rails/quiet_assets.rb:13:in `call'
actionpack (5.2.1) lib/action_dispatch/middleware/remote_ip.rb:81:in `call'
actionpack (5.2.1) lib/action_dispatch/middleware/request_id.rb:27:in `call'
rack (2.0.5) lib/rack/method_override.rb:22:in `call'
rack (2.0.5) lib/rack/runtime.rb:22:in `call'
activesupport (5.2.1) lib/active_support/cache/strategy/local_cache_middleware.rb:29:in `call'
actionpack (5.2.1) lib/action_dispatch/middleware/executor.rb:14:in `call'
actionpack (5.2.1) lib/action_dispatch/middleware/static.rb:127:in `call'
rack (2.0.5) lib/rack/sendfile.rb:111:in `call'
railties (5.2.1) lib/rails/engine.rb:524:in `call'
puma (3.12.0) lib/puma/configuration.rb:225:in `call'
puma (3.12.0) lib/puma/server.rb:658:in `handle_request'
puma (3.12.0) lib/puma/server.rb:472:in `process_client'
puma (3.12.0) lib/puma/server.rb:332:in `block in run'
puma (3.12.0) lib/puma/thread_pool.rb:133:in `block in spawn_thread'
Started GET "/diaries" for 127.0.0.1 at 2018-10-25 17:01:05 +0900
  
ActionController::RoutingError (No route matches [GET] "/diaries"):
  
actionpack (5.2.1) lib/action_dispatch/middleware/debug_exceptions.rb:65:in `call'
web-console (3.7.0) lib/web_console/middleware.rb:135:in `call_app'
web-console (3.7.0) lib/web_console/middleware.rb:30:in `block in call'
web-console (3.7.0) lib/web_console/middleware.rb:20:in `catch'
web-console (3.7.0) lib/web_console/middleware.rb:20:in `call'
actionpack (5.2.1) lib/action_dispatch/middleware/show_exceptions.rb:33:in `call'
railties (5.2.1) lib/rails/rack/logger.rb:38:in `call_app'
railties (5.2.1) lib/rails/rack/logger.rb:26:in `block in call'
activesupport (5.2.1) lib/active_support/tagged_logging.rb:71:in `block in tagged'
activesupport (5.2.1) lib/active_support/tagged_logging.rb:28:in `tagged'
activesupport (5.2.1) lib/active_support/tagged_logging.rb:71:in `tagged'
railties (5.2.1) lib/rails/rack/logger.rb:26:in `call'
sprockets-rails (3.2.1) lib/sprockets/rails/quiet_assets.rb:13:in `call'
actionpack (5.2.1) lib/action_dispatch/middleware/remote_ip.rb:81:in `call'
actionpack (5.2.1) lib/action_dispatch/middleware/request_id.rb:27:in `call'
rack (2.0.5) lib/rack/method_override.rb:22:in `call'
rack (2.0.5) lib/rack/runtime.rb:22:in `call'
activesupport (5.2.1) lib/active_support/cache/strategy/local_cache_middleware.rb:29:in `call'
actionpack (5.2.1) lib/action_dispatch/middleware/executor.rb:14:in `call'
actionpack (5.2.1) lib/action_dispatch/middleware/static.rb:127:in `call'
rack (2.0.5) lib/rack/sendfile.rb:111:in `call'
railties (5.2.1) lib/rails/engine.rb:524:in `call'
puma (3.12.0) lib/puma/configuration.rb:225:in `call'
puma (3.12.0) lib/puma/server.rb:658:in `handle_request'
puma (3.12.0) lib/puma/server.rb:472:in `process_client'
puma (3.12.0) lib/puma/server.rb:332:in `block in run'
puma (3.12.0) lib/puma/thread_pool.rb:133:in `block in spawn_thread'
Started GET "/diaries/new" for 127.0.0.1 at 2018-10-25 17:01:09 +0900
  
ActionController::RoutingError (No route matches [GET] "/diaries/new"):
  
actionpack (5.2.1) lib/action_dispatch/middleware/debug_exceptions.rb:65:in `call'
web-console (3.7.0) lib/web_console/middleware.rb:135:in `call_app'
web-console (3.7.0) lib/web_console/middleware.rb:30:in `block in call'
web-console (3.7.0) lib/web_console/middleware.rb:20:in `catch'
web-console (3.7.0) lib/web_console/middleware.rb:20:in `call'
actionpack (5.2.1) lib/action_dispatch/middleware/show_exceptions.rb:33:in `call'
railties (5.2.1) lib/rails/rack/logger.rb:38:in `call_app'
railties (5.2.1) lib/rails/rack/logger.rb:26:in `block in call'
activesupport (5.2.1) lib/active_support/tagged_logging.rb:71:in `block in tagged'
activesupport (5.2.1) lib/active_support/tagged_logging.rb:28:in `tagged'
activesupport (5.2.1) lib/active_support/tagged_logging.rb:71:in `tagged'
railties (5.2.1) lib/rails/rack/logger.rb:26:in `call'
sprockets-rails (3.2.1) lib/sprockets/rails/quiet_assets.rb:13:in `call'
actionpack (5.2.1) lib/action_dispatch/middleware/remote_ip.rb:81:in `call'
actionpack (5.2.1) lib/action_dispatch/middleware/request_id.rb:27:in `call'
rack (2.0.5) lib/rack/method_override.rb:22:in `call'
rack (2.0.5) lib/rack/runtime.rb:22:in `call'
activesupport (5.2.1) lib/active_support/cache/strategy/local_cache_middleware.rb:29:in `call'
actionpack (5.2.1) lib/action_dispatch/middleware/executor.rb:14:in `call'
actionpack (5.2.1) lib/action_dispatch/middleware/static.rb:127:in `call'
rack (2.0.5) lib/rack/sendfile.rb:111:in `call'
railties (5.2.1) lib/rails/engine.rb:524:in `call'
puma (3.12.0) lib/puma/configuration.rb:225:in `call'
puma (3.12.0) lib/puma/server.rb:658:in `handle_request'
puma (3.12.0) lib/puma/server.rb:472:in `process_client'
puma (3.12.0) lib/puma/server.rb:332:in `block in run'
puma (3.12.0) lib/puma/thread_pool.rb:133:in `block in spawn_thread'
Started GET "/diaries" for 127.0.0.1 at 2018-10-25 17:01:11 +0900
  
ActionController::RoutingError (No route matches [GET] "/diaries"):
  
actionpack (5.2.1) lib/action_dispatch/middleware/debug_exceptions.rb:65:in `call'
web-console (3.7.0) lib/web_console/middleware.rb:135:in `call_app'
web-console (3.7.0) lib/web_console/middleware.rb:30:in `block in call'
web-console (3.7.0) lib/web_console/middleware.rb:20:in `catch'
web-console (3.7.0) lib/web_console/middleware.rb:20:in `call'
actionpack (5.2.1) lib/action_dispatch/middleware/show_exceptions.rb:33:in `call'
railties (5.2.1) lib/rails/rack/logger.rb:38:in `call_app'
railties (5.2.1) lib/rails/rack/logger.rb:26:in `block in call'
activesupport (5.2.1) lib/active_support/tagged_logging.rb:71:in `block in tagged'
activesupport (5.2.1) lib/active_support/tagged_logging.rb:28:in `tagged'
activesupport (5.2.1) lib/active_support/tagged_logging.rb:71:in `tagged'
railties (5.2.1) lib/rails/rack/logger.rb:26:in `call'
sprockets-rails (3.2.1) lib/sprockets/rails/quiet_assets.rb:13:in `call'
actionpack (5.2.1) lib/action_dispatch/middleware/remote_ip.rb:81:in `call'
actionpack (5.2.1) lib/action_dispatch/middleware/request_id.rb:27:in `call'
rack (2.0.5) lib/rack/method_override.rb:22:in `call'
rack (2.0.5) lib/rack/runtime.rb:22:in `call'
activesupport (5.2.1) lib/active_support/cache/strategy/local_cache_middleware.rb:29:in `call'
actionpack (5.2.1) lib/action_dispatch/middleware/executor.rb:14:in `call'
actionpack (5.2.1) lib/action_dispatch/middleware/static.rb:127:in `call'
rack (2.0.5) lib/rack/sendfile.rb:111:in `call'
railties (5.2.1) lib/rails/engine.rb:524:in `call'
puma (3.12.0) lib/puma/configuration.rb:225:in `call'
puma (3.12.0) lib/puma/server.rb:658:in `handle_request'
puma (3.12.0) lib/puma/server.rb:472:in `process_client'
puma (3.12.0) lib/puma/server.rb:332:in `block in run'
puma (3.12.0) lib/puma/thread_pool.rb:133:in `block in spawn_thread'
Started GET "/diaries/index" for 127.0.0.1 at 2018-10-25 17:03:04 +0900
  
ActionController::RoutingError (No route matches [GET] "/diaries/index"):
  
actionpack (5.2.1) lib/action_dispatch/middleware/debug_exceptions.rb:65:in `call'
web-console (3.7.0) lib/web_console/middleware.rb:135:in `call_app'
web-console (3.7.0) lib/web_console/middleware.rb:30:in `block in call'
web-console (3.7.0) lib/web_console/middleware.rb:20:in `catch'
web-console (3.7.0) lib/web_console/middleware.rb:20:in `call'
actionpack (5.2.1) lib/action_dispatch/middleware/show_exceptions.rb:33:in `call'
railties (5.2.1) lib/rails/rack/logger.rb:38:in `call_app'
railties (5.2.1) lib/rails/rack/logger.rb:26:in `block in call'
activesupport (5.2.1) lib/active_support/tagged_logging.rb:71:in `block in tagged'
activesupport (5.2.1) lib/active_support/tagged_logging.rb:28:in `tagged'
activesupport (5.2.1) lib/active_support/tagged_logging.rb:71:in `tagged'
railties (5.2.1) lib/rails/rack/logger.rb:26:in `call'
sprockets-rails (3.2.1) lib/sprockets/rails/quiet_assets.rb:13:in `call'
actionpack (5.2.1) lib/action_dispatch/middleware/remote_ip.rb:81:in `call'
actionpack (5.2.1) lib/action_dispatch/middleware/request_id.rb:27:in `call'
rack (2.0.5) lib/rack/method_override.rb:22:in `call'
rack (2.0.5) lib/rack/runtime.rb:22:in `call'
activesupport (5.2.1) lib/active_support/cache/strategy/local_cache_middleware.rb:29:in `call'
actionpack (5.2.1) lib/action_dispatch/middleware/executor.rb:14:in `call'
actionpack (5.2.1) lib/action_dispatch/middleware/static.rb:127:in `call'
rack (2.0.5) lib/rack/sendfile.rb:111:in `call'
railties (5.2.1) lib/rails/engine.rb:524:in `call'
puma (3.12.0) lib/puma/configuration.rb:225:in `call'
puma (3.12.0) lib/puma/server.rb:658:in `handle_request'
puma (3.12.0) lib/puma/server.rb:472:in `process_client'
puma (3.12.0) lib/puma/server.rb:332:in `block in run'
puma (3.12.0) lib/puma/thread_pool.rb:133:in `block in spawn_thread'
Started GET "/diaries/index" for 127.0.0.1 at 2018-10-25 17:03:08 +0900
  
ActionController::RoutingError (No route matches [GET] "/diaries/index"):
  
actionpack (5.2.1) lib/action_dispatch/middleware/debug_exceptions.rb:65:in `call'
web-console (3.7.0) lib/web_console/middleware.rb:135:in `call_app'
web-console (3.7.0) lib/web_console/middleware.rb:30:in `block in call'
web-console (3.7.0) lib/web_console/middleware.rb:20:in `catch'
web-console (3.7.0) lib/web_console/middleware.rb:20:in `call'
actionpack (5.2.1) lib/action_dispatch/middleware/show_exceptions.rb:33:in `call'
railties (5.2.1) lib/rails/rack/logger.rb:38:in `call_app'
railties (5.2.1) lib/rails/rack/logger.rb:26:in `block in call'
activesupport (5.2.1) lib/active_support/tagged_logging.rb:71:in `block in tagged'
activesupport (5.2.1) lib/active_support/tagged_logging.rb:28:in `tagged'
activesupport (5.2.1) lib/active_support/tagged_logging.rb:71:in `tagged'
railties (5.2.1) lib/rails/rack/logger.rb:26:in `call'
sprockets-rails (3.2.1) lib/sprockets/rails/quiet_assets.rb:13:in `call'
actionpack (5.2.1) lib/action_dispatch/middleware/remote_ip.rb:81:in `call'
actionpack (5.2.1) lib/action_dispatch/middleware/request_id.rb:27:in `call'
rack (2.0.5) lib/rack/method_override.rb:22:in `call'
rack (2.0.5) lib/rack/runtime.rb:22:in `call'
activesupport (5.2.1) lib/active_support/cache/strategy/local_cache_middleware.rb:29:in `call'
actionpack (5.2.1) lib/action_dispatch/middleware/executor.rb:14:in `call'
actionpack (5.2.1) lib/action_dispatch/middleware/static.rb:127:in `call'
rack (2.0.5) lib/rack/sendfile.rb:111:in `call'
railties (5.2.1) lib/rails/engine.rb:524:in `call'
puma (3.12.0) lib/puma/configuration.rb:225:in `call'
puma (3.12.0) lib/puma/server.rb:658:in `handle_request'
puma (3.12.0) lib/puma/server.rb:472:in `process_client'
puma (3.12.0) lib/puma/server.rb:332:in `block in run'
puma (3.12.0) lib/puma/thread_pool.rb:133:in `block in spawn_thread'
Started GET "/diaries" for 127.0.0.1 at 2018-10-25 17:03:32 +0900
  
ActionController::RoutingError (No route matches [GET] "/diaries"):
  
actionpack (5.2.1) lib/action_dispatch/middleware/debug_exceptions.rb:65:in `call'
web-console (3.7.0) lib/web_console/middleware.rb:135:in `call_app'
web-console (3.7.0) lib/web_console/middleware.rb:30:in `block in call'
web-console (3.7.0) lib/web_console/middleware.rb:20:in `catch'
web-console (3.7.0) lib/web_console/middleware.rb:20:in `call'
actionpack (5.2.1) lib/action_dispatch/middleware/show_exceptions.rb:33:in `call'
railties (5.2.1) lib/rails/rack/logger.rb:38:in `call_app'
railties (5.2.1) lib/rails/rack/logger.rb:26:in `block in call'
activesupport (5.2.1) lib/active_support/tagged_logging.rb:71:in `block in tagged'
activesupport (5.2.1) lib/active_support/tagged_logging.rb:28:in `tagged'
activesupport (5.2.1) lib/active_support/tagged_logging.rb:71:in `tagged'
railties (5.2.1) lib/rails/rack/logger.rb:26:in `call'
sprockets-rails (3.2.1) lib/sprockets/rails/quiet_assets.rb:13:in `call'
actionpack (5.2.1) lib/action_dispatch/middleware/remote_ip.rb:81:in `call'
actionpack (5.2.1) lib/action_dispatch/middleware/request_id.rb:27:in `call'
rack (2.0.5) lib/rack/method_override.rb:22:in `call'
rack (2.0.5) lib/rack/runtime.rb:22:in `call'
activesupport (5.2.1) lib/active_support/cache/strategy/local_cache_middleware.rb:29:in `call'
actionpack (5.2.1) lib/action_dispatch/middleware/executor.rb:14:in `call'
actionpack (5.2.1) lib/action_dispatch/middleware/static.rb:127:in `call'
rack (2.0.5) lib/rack/sendfile.rb:111:in `call'
railties (5.2.1) lib/rails/engine.rb:524:in `call'
puma (3.12.0) lib/puma/configuration.rb:225:in `call'
puma (3.12.0) lib/puma/server.rb:658:in `handle_request'
puma (3.12.0) lib/puma/server.rb:472:in `process_client'
puma (3.12.0) lib/puma/server.rb:332:in `block in run'
puma (3.12.0) lib/puma/thread_pool.rb:133:in `block in spawn_thread'
Started GET "/diaries" for 127.0.0.1 at 2018-10-25 17:04:42 +0900
  
ActionController::RoutingError (No route matches [GET] "/diaries"):
  
actionpack (5.2.1) lib/action_dispatch/middleware/debug_exceptions.rb:65:in `call'
web-console (3.7.0) lib/web_console/middleware.rb:135:in `call_app'
web-console (3.7.0) lib/web_console/middleware.rb:30:in `block in call'
web-console (3.7.0) lib/web_console/middleware.rb:20:in `catch'
web-console (3.7.0) lib/web_console/middleware.rb:20:in `call'
actionpack (5.2.1) lib/action_dispatch/middleware/show_exceptions.rb:33:in `call'
railties (5.2.1) lib/rails/rack/logger.rb:38:in `call_app'
railties (5.2.1) lib/rails/rack/logger.rb:26:in `block in call'
activesupport (5.2.1) lib/active_support/tagged_logging.rb:71:in `block in tagged'
activesupport (5.2.1) lib/active_support/tagged_logging.rb:28:in `tagged'
activesupport (5.2.1) lib/active_support/tagged_logging.rb:71:in `tagged'
railties (5.2.1) lib/rails/rack/logger.rb:26:in `call'
sprockets-rails (3.2.1) lib/sprockets/rails/quiet_assets.rb:13:in `call'
actionpack (5.2.1) lib/action_dispatch/middleware/remote_ip.rb:81:in `call'
actionpack (5.2.1) lib/action_dispatch/middleware/request_id.rb:27:in `call'
rack (2.0.5) lib/rack/method_override.rb:22:in `call'
rack (2.0.5) lib/rack/runtime.rb:22:in `call'
activesupport (5.2.1) lib/active_support/cache/strategy/local_cache_middleware.rb:29:in `call'
actionpack (5.2.1) lib/action_dispatch/middleware/executor.rb:14:in `call'
actionpack (5.2.1) lib/action_dispatch/middleware/static.rb:127:in `call'
rack (2.0.5) lib/rack/sendfile.rb:111:in `call'
railties (5.2.1) lib/rails/engine.rb:524:in `call'
puma (3.12.0) lib/puma/configuration.rb:225:in `call'
puma (3.12.0) lib/puma/server.rb:658:in `handle_request'
puma (3.12.0) lib/puma/server.rb:472:in `process_client'
puma (3.12.0) lib/puma/server.rb:332:in `block in run'
puma (3.12.0) lib/puma/thread_pool.rb:133:in `block in spawn_thread'
  [1m[35m (1.2ms)[0m  [1m[35mCREATE DATABASE "RailsRadio_development" ENCODING = 'unicode'[0m
  ↳ bin/rails:9
  [1m[35m (0.5ms)[0m  [1m[35mCREATE DATABASE "RailsRadio_test" ENCODING = 'unicode'[0m
  ↳ bin/rails:9
  [1m[35m (0.3ms)[0m  [1m[34mSELECT pg_try_advisory_lock(2543800416081167880)[0m
  ↳ /Users/hotman/.rbenv/versions/2.5.1/bin/rake:23
  [1m[35m (0.8ms)[0m  [1m[34mSELECT "schema_migrations"."version" FROM "schema_migrations" ORDER BY "schema_migrations"."version" ASC[0m
  ↳ /Users/hotman/.rbenv/versions/2.5.1/bin/rake:23
Migrating to CreateDiaries (20181025080720)
  [1m[35m (0.2ms)[0m  [1m[35mBEGIN[0m
  ↳ /Users/hotman/.rbenv/versions/2.5.1/bin/rake:23
  [1m[35m (6.7ms)[0m  [1m[35mCREATE TABLE "diaries" ("id" bigserial primary key, "title" character varying, "subtitle" character varying, "pages" character varying, "month" integer, "created_at" timestamp NOT NULL, "updated_at" timestamp NOT NULL)[0m
  ↳ db/migrate/20181025080720_create_diaries.rb:3
  [1m[35m (0.2ms)[0m  [1m[31mROLLBACK[0m
  ↳ /Users/hotman/.rbenv/versions/2.5.1/bin/rake:23
  [1m[35m (0.3ms)[0m  [1m[34mSELECT pg_advisory_unlock(2543800416081167880)[0m
  ↳ /Users/hotman/.rbenv/versions/2.5.1/bin/rake:23
Started GET "/diaries" for 127.0.0.1 at 2018-10-25 17:08:28 +0900
  [1m[35m (0.9ms)[0m  [1m[34mSELECT "schema_migrations"."version" FROM "schema_migrations" ORDER BY "schema_migrations"."version" ASC[0m
  ↳ /Users/hotman/.rbenv/versions/2.5.1/lib/ruby/gems/2.5.0/gems/activerecord-5.2.1/lib/active_record/log_subscriber.rb:98
  
ActiveRecord::PendingMigrationError (

Migrations are pending. To resolve this issue, run:

        bin/rails db:migrate RAILS_ENV=development

):
  
activerecord (5.2.1) lib/active_record/migration.rb:579:in `check_pending!'
activerecord (5.2.1) lib/active_record/migration.rb:556:in `call'
actionpack (5.2.1) lib/action_dispatch/middleware/callbacks.rb:28:in `block in call'
activesupport (5.2.1) lib/active_support/callbacks.rb:98:in `run_callbacks'
actionpack (5.2.1) lib/action_dispatch/middleware/callbacks.rb:26:in `call'
actionpack (5.2.1) lib/action_dispatch/middleware/executor.rb:14:in `call'
actionpack (5.2.1) lib/action_dispatch/middleware/debug_exceptions.rb:61:in `call'
web-console (3.7.0) lib/web_console/middleware.rb:135:in `call_app'
web-console (3.7.0) lib/web_console/middleware.rb:30:in `block in call'
web-console (3.7.0) lib/web_console/middleware.rb:20:in `catch'
web-console (3.7.0) lib/web_console/middleware.rb:20:in `call'
actionpack (5.2.1) lib/action_dispatch/middleware/show_exceptions.rb:33:in `call'
railties (5.2.1) lib/rails/rack/logger.rb:38:in `call_app'
railties (5.2.1) lib/rails/rack/logger.rb:26:in `block in call'
activesupport (5.2.1) lib/active_support/tagged_logging.rb:71:in `block in tagged'
activesupport (5.2.1) lib/active_support/tagged_logging.rb:28:in `tagged'
activesupport (5.2.1) lib/active_support/tagged_logging.rb:71:in `tagged'
railties (5.2.1) lib/rails/rack/logger.rb:26:in `call'
sprockets-rails (3.2.1) lib/sprockets/rails/quiet_assets.rb:13:in `call'
actionpack (5.2.1) lib/action_dispatch/middleware/remote_ip.rb:81:in `call'
actionpack (5.2.1) lib/action_dispatch/middleware/request_id.rb:27:in `call'
rack (2.0.5) lib/rack/method_override.rb:22:in `call'
rack (2.0.5) lib/rack/runtime.rb:22:in `call'
activesupport (5.2.1) lib/active_support/cache/strategy/local_cache_middleware.rb:29:in `call'
actionpack (5.2.1) lib/action_dispatch/middleware/executor.rb:14:in `call'
actionpack (5.2.1) lib/action_dispatch/middleware/static.rb:127:in `call'
rack (2.0.5) lib/rack/sendfile.rb:111:in `call'
railties (5.2.1) lib/rails/engine.rb:524:in `call'
puma (3.12.0) lib/puma/configuration.rb:225:in `call'
puma (3.12.0) lib/puma/server.rb:658:in `handle_request'
puma (3.12.0) lib/puma/server.rb:472:in `process_client'
puma (3.12.0) lib/puma/server.rb:332:in `block in run'
puma (3.12.0) lib/puma/thread_pool.rb:133:in `block in spawn_thread'
  [1m[35m (0.4ms)[0m  [1m[34mSELECT pg_try_advisory_lock(2543800416081167880)[0m
  ↳ bin/rails:9
  [1m[35m (0.8ms)[0m  [1m[34mSELECT "schema_migrations"."version" FROM "schema_migrations" ORDER BY "schema_migrations"."version" ASC[0m
  ↳ bin/rails:9
Migrating to CreateDiaries (20181025080720)
  [1m[35m (0.2ms)[0m  [1m[35mBEGIN[0m
  ↳ bin/rails:9
  [1m[35m (4.5ms)[0m  [1m[35mCREATE TABLE "diaries" ("id" bigserial primary key, "title" character varying, "subtitle" character varying, "pages" character varying, "month" integer, "created_at" timestamp NOT NULL, "updated_at" timestamp NOT NULL)[0m
  ↳ db/migrate/20181025080720_create_diaries.rb:3
  [1m[35m (0.1ms)[0m  [1m[31mROLLBACK[0m
  ↳ bin/rails:9
  [1m[35m (0.2ms)[0m  [1m[34mSELECT pg_advisory_unlock(2543800416081167880)[0m
  ↳ bin/rails:9
  [1m[35m (0.6ms)[0m  [1m[34mSELECT "schema_migrations"."version" FROM "schema_migrations" ORDER BY "schema_migrations"."version" ASC[0m
  ↳ bin/rails:9
  [1m[35m (0.7ms)[0m  [1m[34mSELECT "ar_internal_metadata"."value" FROM "ar_internal_metadata" WHERE "ar_internal_metadata"."key" = $1[0m  [["key", "environment"]]
  ↳ bin/rails:9
  [1m[35m (0.4ms)[0m  [1m[34mSELECT "schema_migrations"."version" FROM "schema_migrations" ORDER BY "schema_migrations"."version" ASC[0m
  ↳ bin/rails:9
  [1m[35m (0.3ms)[0m  [1m[34mSELECT "ar_internal_metadata"."value" FROM "ar_internal_metadata" WHERE "ar_internal_metadata"."key" = $1[0m  [["key", "environment"]]
  ↳ bin/rails:9
  [1m[35m (0.3ms)[0m  [1m[34mSELECT "schema_migrations"."version" FROM "schema_migrations" ORDER BY "schema_migrations"."version" ASC[0m
  ↳ bin/rails:9
  [1m[35m (0.2ms)[0m  [1m[34mSELECT "ar_internal_metadata"."value" FROM "ar_internal_metadata" WHERE "ar_internal_metadata"."key" = $1[0m  [["key", "environment"]]
  ↳ bin/rails:9
  [1m[35m (180.7ms)[0m  [1m[35mDROP DATABASE IF EXISTS "RailsRadio_development"[0m
  ↳ bin/rails:9
  [1m[35m (180.0ms)[0m  [1m[35mDROP DATABASE IF EXISTS "RailsRadio_test"[0m
  ↳ bin/rails:9
  [1m[35m (567.9ms)[0m  [1m[35mCREATE DATABASE "RailsRadio_development" ENCODING = 'unicode'[0m
  ↳ bin/rails:9
  [1m[35m (375.2ms)[0m  [1m[35mCREATE DATABASE "RailsRadio_test" ENCODING = 'unicode'[0m
  ↳ bin/rails:9
  [1m[35mSQL (0.4ms)[0m  [1m[35mCREATE EXTENSION IF NOT EXISTS "plpgsql"[0m
  ↳ db/schema.rb:16
  [1m[35m (0.5ms)[0m  [1m[35mDROP TABLE IF EXISTS "diaries" CASCADE[0m
  ↳ db/schema.rb:18
  [1m[35m (8.2ms)[0m  [1m[35mCREATE TABLE "diaries" ("id" bigserial primary key, "title" character varying, "subtitle" character varying, "pages" character varying, "month" integer, "audio_id" character varying, "created_at" timestamp NOT NULL, "updated_at" timestamp NOT NULL)[0m
  ↳ db/schema.rb:18
  [1m[35m (3.3ms)[0m  [1m[35mCREATE TABLE "schema_migrations" ("version" character varying NOT NULL PRIMARY KEY)[0m
  ↳ db/schema.rb:13
  [1m[35m (0.5ms)[0m  [1m[34mSELECT "schema_migrations"."version" FROM "schema_migrations" ORDER BY "schema_migrations"."version" ASC[0m
  ↳ db/schema.rb:13
  [1m[35m (0.8ms)[0m  [1m[32mINSERT INTO "schema_migrations" (version) VALUES (20181021154310)[0m
  ↳ db/schema.rb:13
  [1m[35m (3.5ms)[0m  [1m[35mCREATE TABLE "ar_internal_metadata" ("key" character varying NOT NULL PRIMARY KEY, "value" character varying, "created_at" timestamp NOT NULL, "updated_at" timestamp NOT NULL)[0m
  ↳ db/schema.rb:13
  [1m[36mActiveRecord::InternalMetadata Load (0.5ms)[0m  [1m[34mSELECT  "ar_internal_metadata".* FROM "ar_internal_metadata" WHERE "ar_internal_metadata"."key" = $1 LIMIT $2[0m  [["key", "environment"], ["LIMIT", 1]]
  ↳ db/schema.rb:13
  [1m[35m (0.2ms)[0m  [1m[35mBEGIN[0m
  ↳ db/schema.rb:13
  [1m[36mActiveRecord::InternalMetadata Create (0.7ms)[0m  [1m[32mINSERT INTO "ar_internal_metadata" ("key", "value", "created_at", "updated_at") VALUES ($1, $2, $3, $4) RETURNING "key"[0m  [["key", "environment"], ["value", "development"], ["created_at", "2018-10-25 08:08:54.644024"], ["updated_at", "2018-10-25 08:08:54.644024"]]
  ↳ db/schema.rb:13
  [1m[35m (0.5ms)[0m  [1m[35mCOMMIT[0m
  ↳ db/schema.rb:13
  [1m[36mActiveRecord::InternalMetadata Load (0.4ms)[0m  [1m[34mSELECT  "ar_internal_metadata".* FROM "ar_internal_metadata" WHERE "ar_internal_metadata"."key" = $1 LIMIT $2[0m  [["key", "environment"], ["LIMIT", 1]]
  ↳ bin/rails:9
  [1m[35m (0.2ms)[0m  [1m[35mBEGIN[0m
  ↳ bin/rails:9
  [1m[35m (0.2ms)[0m  [1m[35mCOMMIT[0m
  ↳ bin/rails:9
  [1m[35mSQL (0.5ms)[0m  [1m[35mCREATE EXTENSION IF NOT EXISTS "plpgsql"[0m
  ↳ db/schema.rb:16
  [1m[35m (0.2ms)[0m  [1m[35mDROP TABLE IF EXISTS "diaries" CASCADE[0m
  ↳ db/schema.rb:18
  [1m[35m (7.0ms)[0m  [1m[35mCREATE TABLE "diaries" ("id" bigserial primary key, "title" character varying, "subtitle" character varying, "pages" character varying, "month" integer, "audio_id" character varying, "created_at" timestamp NOT NULL, "updated_at" timestamp NOT NULL)[0m
  ↳ db/schema.rb:18
  [1m[35m (8.6ms)[0m  [1m[35mCREATE TABLE "schema_migrations" ("version" character varying NOT NULL PRIMARY KEY)[0m
  ↳ db/schema.rb:13
  [1m[35m (0.6ms)[0m  [1m[34mSELECT "schema_migrations"."version" FROM "schema_migrations" ORDER BY "schema_migrations"."version" ASC[0m
  ↳ db/schema.rb:13
  [1m[35m (0.8ms)[0m  [1m[32mINSERT INTO "schema_migrations" (version) VALUES (20181021154310)[0m
  ↳ db/schema.rb:13
  [1m[35m (5.3ms)[0m  [1m[35mCREATE TABLE "ar_internal_metadata" ("key" character varying NOT NULL PRIMARY KEY, "value" character varying, "created_at" timestamp NOT NULL, "updated_at" timestamp NOT NULL)[0m
  ↳ db/schema.rb:13
  [1m[36mActiveRecord::InternalMetadata Load (0.3ms)[0m  [1m[34mSELECT  "ar_internal_metadata".* FROM "ar_internal_metadata" WHERE "ar_internal_metadata"."key" = $1 LIMIT $2[0m  [["key", "environment"], ["LIMIT", 1]]
  ↳ db/schema.rb:13
  [1m[35m (0.1ms)[0m  [1m[35mBEGIN[0m
  ↳ db/schema.rb:13
  [1m[36mActiveRecord::InternalMetadata Create (0.4ms)[0m  [1m[32mINSERT INTO "ar_internal_metadata" ("key", "value", "created_at", "updated_at") VALUES ($1, $2, $3, $4) RETURNING "key"[0m  [["key", "environment"], ["value", "development"], ["created_at", "2018-10-25 08:08:54.710657"], ["updated_at", "2018-10-25 08:08:54.710657"]]
  ↳ db/schema.rb:13
  [1m[35m (0.4ms)[0m  [1m[35mCOMMIT[0m
  ↳ db/schema.rb:13
  [1m[36mActiveRecord::InternalMetadata Load (0.4ms)[0m  [1m[34mSELECT  "ar_internal_metadata".* FROM "ar_internal_metadata" WHERE "ar_internal_metadata"."key" = $1 LIMIT $2[0m  [["key", "environment"], ["LIMIT", 1]]
  ↳ bin/rails:9
  [1m[35m (0.1ms)[0m  [1m[35mBEGIN[0m
  ↳ bin/rails:9
  [1m[36mActiveRecord::InternalMetadata Update (0.4ms)[0m  [1m[33mUPDATE "ar_internal_metadata" SET "value" = $1, "updated_at" = $2 WHERE "ar_internal_metadata"."key" = $3[0m  [["value", "test"], ["updated_at", "2018-10-25 08:08:54.714728"], ["key", "environment"]]
  ↳ bin/rails:9
  [1m[35m (0.4ms)[0m  [1m[35mCOMMIT[0m
  ↳ bin/rails:9
  [1m[35m (0.6ms)[0m  [1m[34mSELECT "schema_migrations"."version" FROM "schema_migrations" ORDER BY "schema_migrations"."version" ASC[0m
  ↳ bin/rails:9
  [1m[35m (0.2ms)[0m  [1m[34mSELECT pg_try_advisory_lock(2543800416081167880)[0m
  ↳ bin/rails:9
  [1m[35m (0.8ms)[0m  [1m[34mSELECT "schema_migrations"."version" FROM "schema_migrations" ORDER BY "schema_migrations"."version" ASC[0m
  ↳ bin/rails:9
Migrating to CreateDiaries (20181025080720)
  [1m[35m (0.2ms)[0m  [1m[35mBEGIN[0m
  ↳ bin/rails:9
  [1m[35m (4.2ms)[0m  [1m[35mCREATE TABLE "diaries" ("id" bigserial primary key, "title" character varying, "subtitle" character varying, "pages" character varying, "month" integer, "created_at" timestamp NOT NULL, "updated_at" timestamp NOT NULL)[0m
  ↳ db/migrate/20181025080720_create_diaries.rb:3
  [1m[35m (0.2ms)[0m  [1m[31mROLLBACK[0m
  ↳ bin/rails:9
  [1m[35m (0.2ms)[0m  [1m[34mSELECT pg_advisory_unlock(2543800416081167880)[0m
  ↳ bin/rails:9
  [1m[35m (0.2ms)[0m  [1m[34mSELECT pg_try_advisory_lock(2543800416081167880)[0m
  ↳ bin/rails:9
  [1m[35m (0.6ms)[0m  [1m[34mSELECT "schema_migrations"."version" FROM "schema_migrations" ORDER BY "schema_migrations"."version" ASC[0m
  ↳ bin/rails:9
Migrating to CreateDiaries (20181025080720)
  [1m[35m (0.1ms)[0m  [1m[35mBEGIN[0m
  ↳ bin/rails:9
  [1m[35m (3.3ms)[0m  [1m[35mCREATE TABLE "diaries" ("id" bigserial primary key, "title" character varying, "subtitle" character varying, "pages" character varying, "month" integer, "created_at" timestamp NOT NULL, "updated_at" timestamp NOT NULL)[0m
  ↳ db/migrate/20181025080720_create_diaries.rb:3
  [1m[35m (0.2ms)[0m  [1m[31mROLLBACK[0m
  ↳ bin/rails:9
  [1m[35m (0.3ms)[0m  [1m[34mSELECT pg_advisory_unlock(2543800416081167880)[0m
  ↳ bin/rails:9
  [1m[35m (0.6ms)[0m  [1m[34mSELECT "schema_migrations"."version" FROM "schema_migrations" ORDER BY "schema_migrations"."version" ASC[0m
  ↳ bin/rails:9
  [1m[35m (0.3ms)[0m  [1m[34mSELECT "ar_internal_metadata"."value" FROM "ar_internal_metadata" WHERE "ar_internal_metadata"."key" = $1[0m  [["key", "environment"]]
  ↳ bin/rails:9
  [1m[35m (0.2ms)[0m  [1m[34mSELECT "schema_migrations"."version" FROM "schema_migrations" ORDER BY "schema_migrations"."version" ASC[0m
  ↳ bin/rails:9
  [1m[35m (0.2ms)[0m  [1m[34mSELECT "ar_internal_metadata"."value" FROM "ar_internal_metadata" WHERE "ar_internal_metadata"."key" = $1[0m  [["key", "environment"]]
  ↳ bin/rails:9
  [1m[35m (0.2ms)[0m  [1m[34mSELECT "schema_migrations"."version" FROM "schema_migrations" ORDER BY "schema_migrations"."version" ASC[0m
  ↳ bin/rails:9
  [1m[35m (0.2ms)[0m  [1m[34mSELECT "ar_internal_metadata"."value" FROM "ar_internal_metadata" WHERE "ar_internal_metadata"."key" = $1[0m  [["key", "environment"]]
  ↳ bin/rails:9
  [1m[35m (157.7ms)[0m  [1m[35mDROP DATABASE IF EXISTS "RailsRadio_development"[0m
  ↳ bin/rails:9
  [1m[35m (151.5ms)[0m  [1m[35mDROP DATABASE IF EXISTS "RailsRadio_test"[0m
  ↳ bin/rails:9
  [1m[35m (364.0ms)[0m  [1m[35mCREATE DATABASE "RailsRadio_development" ENCODING = 'unicode'[0m
  ↳ bin/rails:9
  [1m[35m (374.7ms)[0m  [1m[35mCREATE DATABASE "RailsRadio_test" ENCODING = 'unicode'[0m
  ↳ bin/rails:9
  [1m[35m (6.7ms)[0m  [1m[35mCREATE TABLE "schema_migrations" ("version" character varying NOT NULL PRIMARY KEY)[0m
  ↳ bin/rails:9
  [1m[35m (4.2ms)[0m  [1m[35mCREATE TABLE "ar_internal_metadata" ("key" character varying NOT NULL PRIMARY KEY, "value" character varying, "created_at" timestamp NOT NULL, "updated_at" timestamp NOT NULL)[0m
  ↳ bin/rails:9
  [1m[35m (0.2ms)[0m  [1m[34mSELECT pg_try_advisory_lock(2543800416081167880)[0m
  ↳ bin/rails:9
  [1m[35m (0.5ms)[0m  [1m[34mSELECT "schema_migrations"."version" FROM "schema_migrations" ORDER BY "schema_migrations"."version" ASC[0m
  ↳ bin/rails:9
Migrating to CreateDiaries (20181025080720)
  [1m[35m (0.1ms)[0m  [1m[35mBEGIN[0m
  ↳ bin/rails:9
  [1m[35m (4.7ms)[0m  [1m[35mCREATE TABLE "diaries" ("id" bigserial primary key, "title" character varying, "subtitle" character varying, "pages" character varying, "month" integer, "created_at" timestamp NOT NULL, "updated_at" timestamp NOT NULL)[0m
  ↳ db/migrate/20181025080720_create_diaries.rb:3
  [1m[36mActiveRecord::SchemaMigration Create (0.5ms)[0m  [1m[32mINSERT INTO "schema_migrations" ("version") VALUES ($1) RETURNING "version"[0m  [["version", "20181025080720"]]
  ↳ bin/rails:9
  [1m[35m (0.6ms)[0m  [1m[35mCOMMIT[0m
  ↳ bin/rails:9
  [1m[36mActiveRecord::InternalMetadata Load (0.3ms)[0m  [1m[34mSELECT  "ar_internal_metadata".* FROM "ar_internal_metadata" WHERE "ar_internal_metadata"."key" = $1 LIMIT $2[0m  [["key", "environment"], ["LIMIT", 1]]
  ↳ bin/rails:9
  [1m[35m (0.2ms)[0m  [1m[35mBEGIN[0m
  ↳ bin/rails:9
  [1m[36mActiveRecord::InternalMetadata Create (0.6ms)[0m  [1m[32mINSERT INTO "ar_internal_metadata" ("key", "value", "created_at", "updated_at") VALUES ($1, $2, $3, $4) RETURNING "key"[0m  [["key", "environment"], ["value", "development"], ["created_at", "2018-10-25 08:09:36.823761"], ["updated_at", "2018-10-25 08:09:36.823761"]]
  ↳ bin/rails:9
  [1m[35m (0.4ms)[0m  [1m[35mCOMMIT[0m
  ↳ bin/rails:9
  [1m[35m (0.2ms)[0m  [1m[34mSELECT pg_advisory_unlock(2543800416081167880)[0m
  ↳ bin/rails:9
  [1m[35m (0.3ms)[0m  [1m[34mSELECT "schema_migrations"."version" FROM "schema_migrations" ORDER BY "schema_migrations"."version" ASC[0m
  ↳ bin/rails:9
  [1m[35m (0.6ms)[0m  [1m[34mSELECT "schema_migrations"."version" FROM "schema_migrations" ORDER BY "schema_migrations"."version" ASC[0m
  ↳ bin/rails:9
  [1m[35m (0.4ms)[0m  [1m[34mSELECT "ar_internal_metadata"."value" FROM "ar_internal_metadata" WHERE "ar_internal_metadata"."key" = $1[0m  [["key", "environment"]]
  ↳ bin/rails:9
  [1m[35m (0.2ms)[0m  [1m[34mSELECT "schema_migrations"."version" FROM "schema_migrations" ORDER BY "schema_migrations"."version" ASC[0m
  ↳ bin/rails:9
  [1m[35m (0.2ms)[0m  [1m[34mSELECT "ar_internal_metadata"."value" FROM "ar_internal_metadata" WHERE "ar_internal_metadata"."key" = $1[0m  [["key", "environment"]]
  ↳ bin/rails:9
  [1m[35m (0.2ms)[0m  [1m[34mSELECT "schema_migrations"."version" FROM "schema_migrations" ORDER BY "schema_migrations"."version" ASC[0m
  ↳ bin/rails:9
  [1m[35m (0.2ms)[0m  [1m[34mSELECT "ar_internal_metadata"."value" FROM "ar_internal_metadata" WHERE "ar_internal_metadata"."key" = $1[0m  [["key", "environment"]]
  ↳ bin/rails:9
  [1m[35m (169.5ms)[0m  [1m[35mDROP DATABASE IF EXISTS "RailsRadio_development"[0m
  ↳ bin/rails:9
  [1m[35m (150.2ms)[0m  [1m[35mDROP DATABASE IF EXISTS "RailsRadio_test"[0m
  ↳ bin/rails:9
  [1m[35m (355.7ms)[0m  [1m[35mCREATE DATABASE "RailsRadio_development" ENCODING = 'unicode'[0m
  ↳ bin/rails:9
  [1m[35m (361.6ms)[0m  [1m[35mCREATE DATABASE "RailsRadio_test" ENCODING = 'unicode'[0m
  ↳ bin/rails:9
  [1m[35mSQL (0.3ms)[0m  [1m[35mCREATE EXTENSION IF NOT EXISTS "plpgsql"[0m
  ↳ db/schema.rb:16
  [1m[35m (0.2ms)[0m  [1m[35mDROP TABLE IF EXISTS "diaries" CASCADE[0m
  ↳ db/schema.rb:18
  [1m[35m (7.3ms)[0m  [1m[35mCREATE TABLE "diaries" ("id" bigserial primary key, "title" character varying, "subtitle" character varying, "pages" character varying, "month" integer, "created_at" timestamp NOT NULL, "updated_at" timestamp NOT NULL)[0m
  ↳ db/schema.rb:18
  [1m[35m (3.4ms)[0m  [1m[35mCREATE TABLE "schema_migrations" ("version" character varying NOT NULL PRIMARY KEY)[0m
  ↳ db/schema.rb:13
  [1m[35m (0.6ms)[0m  [1m[34mSELECT "schema_migrations"."version" FROM "schema_migrations" ORDER BY "schema_migrations"."version" ASC[0m
  ↳ db/schema.rb:13
  [1m[35m (0.8ms)[0m  [1m[32mINSERT INTO "schema_migrations" (version) VALUES (20181025080720)[0m
  ↳ db/schema.rb:13
  [1m[35m (6.1ms)[0m  [1m[35mCREATE TABLE "ar_internal_metadata" ("key" character varying NOT NULL PRIMARY KEY, "value" character varying, "created_at" timestamp NOT NULL, "updated_at" timestamp NOT NULL)[0m
  ↳ db/schema.rb:13
  [1m[36mActiveRecord::InternalMetadata Load (0.5ms)[0m  [1m[34mSELECT  "ar_internal_metadata".* FROM "ar_internal_metadata" WHERE "ar_internal_metadata"."key" = $1 LIMIT $2[0m  [["key", "environment"], ["LIMIT", 1]]
  ↳ db/schema.rb:13
  [1m[35m (0.3ms)[0m  [1m[35mBEGIN[0m
  ↳ db/schema.rb:13
  [1m[36mActiveRecord::InternalMetadata Create (0.5ms)[0m  [1m[32mINSERT INTO "ar_internal_metadata" ("key", "value", "created_at", "updated_at") VALUES ($1, $2, $3, $4) RETURNING "key"[0m  [["key", "environment"], ["value", "development"], ["created_at", "2018-10-25 08:09:42.204027"], ["updated_at", "2018-10-25 08:09:42.204027"]]
  ↳ db/schema.rb:13
  [1m[35m (0.4ms)[0m  [1m[35mCOMMIT[0m
  ↳ db/schema.rb:13
  [1m[36mActiveRecord::InternalMetadata Load (0.5ms)[0m  [1m[34mSELECT  "ar_internal_metadata".* FROM "ar_internal_metadata" WHERE "ar_internal_metadata"."key" = $1 LIMIT $2[0m  [["key", "environment"], ["LIMIT", 1]]
  ↳ bin/rails:9
  [1m[35m (0.2ms)[0m  [1m[35mBEGIN[0m
  ↳ bin/rails:9
  [1m[35m (0.1ms)[0m  [1m[35mCOMMIT[0m
  ↳ bin/rails:9
  [1m[35mSQL (0.3ms)[0m  [1m[35mCREATE EXTENSION IF NOT EXISTS "plpgsql"[0m
  ↳ db/schema.rb:16
  [1m[35m (0.2ms)[0m  [1m[35mDROP TABLE IF EXISTS "diaries" CASCADE[0m
  ↳ db/schema.rb:18
  [1m[35m (13.5ms)[0m  [1m[35mCREATE TABLE "diaries" ("id" bigserial primary key, "title" character varying, "subtitle" character varying, "pages" character varying, "month" integer, "created_at" timestamp NOT NULL, "updated_at" timestamp NOT NULL)[0m
  ↳ db/schema.rb:18
  [1m[35m (4.0ms)[0m  [1m[35mCREATE TABLE "schema_migrations" ("version" character varying NOT NULL PRIMARY KEY)[0m
  ↳ db/schema.rb:13
  [1m[35m (0.7ms)[0m  [1m[34mSELECT "schema_migrations"."version" FROM "schema_migrations" ORDER BY "schema_migrations"."version" ASC[0m
  ↳ db/schema.rb:13
  [1m[35m (1.4ms)[0m  [1m[32mINSERT INTO "schema_migrations" (version) VALUES (20181025080720)[0m
  ↳ db/schema.rb:13
  [1m[35m (3.1ms)[0m  [1m[35mCREATE TABLE "ar_internal_metadata" ("key" character varying NOT NULL PRIMARY KEY, "value" character varying, "created_at" timestamp NOT NULL, "updated_at" timestamp NOT NULL)[0m
  ↳ db/schema.rb:13
  [1m[36mActiveRecord::InternalMetadata Load (0.4ms)[0m  [1m[34mSELECT  "ar_internal_metadata".* FROM "ar_internal_metadata" WHERE "ar_internal_metadata"."key" = $1 LIMIT $2[0m  [["key", "environment"], ["LIMIT", 1]]
  ↳ db/schema.rb:13
  [1m[35m (0.1ms)[0m  [1m[35mBEGIN[0m
  ↳ db/schema.rb:13
  [1m[36mActiveRecord::InternalMetadata Create (0.4ms)[0m  [1m[32mINSERT INTO "ar_internal_metadata" ("key", "value", "created_at", "updated_at") VALUES ($1, $2, $3, $4) RETURNING "key"[0m  [["key", "environment"], ["value", "development"], ["created_at", "2018-10-25 08:09:42.266754"], ["updated_at", "2018-10-25 08:09:42.266754"]]
  ↳ db/schema.rb:13
  [1m[35m (0.5ms)[0m  [1m[35mCOMMIT[0m
  ↳ db/schema.rb:13
  [1m[36mActiveRecord::InternalMetadata Load (0.2ms)[0m  [1m[34mSELECT  "ar_internal_metadata".* FROM "ar_internal_metadata" WHERE "ar_internal_metadata"."key" = $1 LIMIT $2[0m  [["key", "environment"], ["LIMIT", 1]]
  ↳ bin/rails:9
  [1m[35m (0.1ms)[0m  [1m[35mBEGIN[0m
  ↳ bin/rails:9
  [1m[36mActiveRecord::InternalMetadata Update (0.3ms)[0m  [1m[33mUPDATE "ar_internal_metadata" SET "value" = $1, "updated_at" = $2 WHERE "ar_internal_metadata"."key" = $3[0m  [["value", "test"], ["updated_at", "2018-10-25 08:09:42.270606"], ["key", "environment"]]
  ↳ bin/rails:9
  [1m[35m (0.6ms)[0m  [1m[35mCOMMIT[0m
  ↳ bin/rails:9
  [1m[35m (1.0ms)[0m  [1m[34mSELECT "schema_migrations"."version" FROM "schema_migrations" ORDER BY "schema_migrations"."version" ASC[0m
  ↳ bin/rails:9
  [1m[35m (0.2ms)[0m  [1m[34mSELECT pg_try_advisory_lock(2543800416081167880)[0m
  ↳ bin/rails:9
  [1m[35m (0.6ms)[0m  [1m[34mSELECT "schema_migrations"."version" FROM "schema_migrations" ORDER BY "schema_migrations"."version" ASC[0m
  ↳ bin/rails:9
  [1m[36mActiveRecord::InternalMetadata Load (0.4ms)[0m  [1m[34mSELECT  "ar_internal_metadata".* FROM "ar_internal_metadata" WHERE "ar_internal_metadata"."key" = $1 LIMIT $2[0m  [["key", "environment"], ["LIMIT", 1]]
  ↳ bin/rails:9
  [1m[35m (0.2ms)[0m  [1m[35mBEGIN[0m
  ↳ bin/rails:9
  [1m[35m (0.1ms)[0m  [1m[35mCOMMIT[0m
  ↳ bin/rails:9
  [1m[35m (0.2ms)[0m  [1m[34mSELECT pg_advisory_unlock(2543800416081167880)[0m
  ↳ bin/rails:9
  [1m[35m (0.2ms)[0m  [1m[34mSELECT "schema_migrations"."version" FROM "schema_migrations" ORDER BY "schema_migrations"."version" ASC[0m
  ↳ bin/rails:9
Started GET "/diaries" for 127.0.0.1 at 2018-10-25 17:09:57 +0900
  [1m[35m (0.5ms)[0m  [1m[34mSELECT "schema_migrations"."version" FROM "schema_migrations" ORDER BY "schema_migrations"."version" ASC[0m
  ↳ /Users/hotman/.rbenv/versions/2.5.1/lib/ruby/gems/2.5.0/gems/activerecord-5.2.1/lib/active_record/log_subscriber.rb:98
Processing by DiariesController#index as HTML
  Rendering diaries/index.html.erb within layouts/application
  [1m[36mDiary Load (0.8ms)[0m  [1m[34mSELECT "diaries".* FROM "diaries"[0m
  ↳ app/views/diaries/index.html.erb:17
  Rendered diaries/index.html.erb within layouts/application (6.3ms)
Completed 200 OK in 597ms (Views: 576.8ms | ActiveRecord: 2.2ms)


Started GET "/diaries" for 127.0.0.1 at 2018-10-25 17:18:51 +0900
  [1m[35m (1.1ms)[0m  [1m[34mSELECT "schema_migrations"."version" FROM "schema_migrations" ORDER BY "schema_migrations"."version" ASC[0m
  ↳ /Users/hotman/.rbenv/versions/2.5.1/lib/ruby/gems/2.5.0/gems/activerecord-5.2.1/lib/active_record/log_subscriber.rb:98
Processing by DiariesController#index as HTML
  Rendering diaries/index.html.erb within layouts/application
  [1m[36mDiary Load (0.5ms)[0m  [1m[34mSELECT "diaries".* FROM "diaries"[0m
  ↳ app/views/diaries/index.html.erb:17
  Rendered diaries/index.html.erb within layouts/application (5.6ms)
Completed 200 OK in 290ms (Views: 273.8ms | ActiveRecord: 2.2ms)


Started GET "/diaries/new" for 127.0.0.1 at 2018-10-25 17:18:55 +0900
Processing by DiariesController#new as HTML
  Rendering diaries/new.html.erb within layouts/application
  Rendered diaries/_form.html.erb (43.9ms)
  Rendered diaries/new.html.erb within layouts/application (47.9ms)
Completed 200 OK in 112ms (Views: 68.4ms | ActiveRecord: 6.2ms)


Started POST "/diaries" for 127.0.0.1 at 2018-10-25 17:18:59 +0900
Processing by DiariesController#create as HTML
  Parameters: {"utf8"=>"✓", "authenticity_token"=>"PMQt6tPMpbMDdGGVf2h/fN656vCX3tHGi5y5YryfqgW3TsTaxjcG3c9wVJ70pJVTvf1IMkQXTquwRkupoa2EFg==", "diary"=>{"title"=>"asdfsdf", "subtitle"=>"", "pages"=>"", "month"=>""}, "commit"=>"Create Diary"}
  [1m[35m (0.9ms)[0m  [1m[35mBEGIN[0m
  ↳ app/controllers/diaries_controller.rb:30
  [1m[36mDiary Create (6.5ms)[0m  [1m[32mINSERT INTO "diaries" ("title", "subtitle", "pages", "created_at", "updated_at") VALUES ($1, $2, $3, $4, $5) RETURNING "id"[0m  [["title", "asdfsdf"], ["subtitle", ""], ["pages", ""], ["created_at", "2018-10-25 08:18:59.211580"], ["updated_at", "2018-10-25 08:18:59.211580"]]
  ↳ app/controllers/diaries_controller.rb:30
  [1m[35m (0.7ms)[0m  [1m[35mCOMMIT[0m
  ↳ app/controllers/diaries_controller.rb:30
Redirected to http://localhost:3000/diaries/1
Completed 302 Found in 14ms (ActiveRecord: 8.0ms)


Started GET "/diaries/1" for 127.0.0.1 at 2018-10-25 17:18:59 +0900
Processing by DiariesController#show as HTML
  Parameters: {"id"=>"1"}
  [1m[36mDiary Load (1.6ms)[0m  [1m[34mSELECT  "diaries".* FROM "diaries" WHERE "diaries"."id" = $1 LIMIT $2[0m  [["id", 1], ["LIMIT", 1]]
  ↳ app/controllers/diaries_controller.rb:67
  Rendering diaries/show.html.erb within layouts/application
  Rendered diaries/show.html.erb within layouts/application (0.7ms)
Completed 200 OK in 53ms (Views: 28.2ms | ActiveRecord: 3.1ms)


Started GET "/diaries" for 127.0.0.1 at 2018-10-25 17:19:02 +0900
Processing by DiariesController#index as HTML
  Rendering diaries/index.html.erb within layouts/application
  [1m[36mDiary Load (0.3ms)[0m  [1m[34mSELECT "diaries".* FROM "diaries"[0m
  ↳ app/views/diaries/index.html.erb:17
  Rendered diaries/index.html.erb within layouts/application (2.7ms)
Completed 200 OK in 41ms (Views: 37.0ms | ActiveRecord: 0.3ms)


Started GET "/diaries" for 127.0.0.1 at 2018-10-25 17:19:36 +0900
  [1m[35m (0.6ms)[0m  [1m[34mSELECT "schema_migrations"."version" FROM "schema_migrations" ORDER BY "schema_migrations"."version" ASC[0m
  ↳ /Users/hotman/.rbenv/versions/2.5.1/lib/ruby/gems/2.5.0/gems/activerecord-5.2.1/lib/active_record/log_subscriber.rb:98
Processing by DiariesController#index as HTML
  Rendering diaries/index.html.erb within layouts/application
  [1m[36mDiary Load (0.9ms)[0m  [1m[34mSELECT "diaries".* FROM "diaries"[0m
  ↳ app/views/diaries/index.html.erb:17
  Rendered diaries/index.html.erb within layouts/application (21.5ms)
Completed 200 OK in 355ms (Views: 331.4ms | ActiveRecord: 5.4ms)


Started GET "/diaries" for 127.0.0.1 at 2018-10-25 17:24:31 +0900
  [1m[35m (1.7ms)[0m  [1m[34mSELECT "schema_migrations"."version" FROM "schema_migrations" ORDER BY "schema_migrations"."version" ASC[0m
  ↳ /Users/hotman/.rbenv/versions/2.5.1/lib/ruby/gems/2.5.0/gems/activerecord-5.2.1/lib/active_record/log_subscriber.rb:98
Processing by DiariesController#index as HTML
  Rendering diaries/index.html.erb within layouts/application
  [1m[36mDiary Load (0.7ms)[0m  [1m[34mSELECT "diaries".* FROM "diaries"[0m
  ↳ app/views/diaries/index.html.erb:16
  Rendered diaries/index.html.erb within layouts/application (21.8ms)
Completed 200 OK in 364ms (Views: 312.7ms | ActiveRecord: 8.5ms)


Started GET "/diaries/1" for 127.0.0.1 at 2018-10-25 17:24:37 +0900
Processing by DiariesController#show as HTML
  Parameters: {"id"=>"1"}
  [1m[36mDiary Load (0.5ms)[0m  [1m[34mSELECT  "diaries".* FROM "diaries" WHERE "diaries"."id" = $1 LIMIT $2[0m  [["id", 1], ["LIMIT", 1]]
  ↳ app/controllers/diaries_controller.rb:78
Completed 500 Internal Server Error in 6ms (ActiveRecord: 0.8ms)


  
TypeError (no implicit conversion of Integer into String):
  
app/controllers/diaries_controller.rb:22:in `+'
app/controllers/diaries_controller.rb:22:in `show'
Started GET "/diaries/1" for 127.0.0.1 at 2018-10-25 17:25:12 +0900
  [1m[35m (0.6ms)[0m  [1m[34mSELECT "schema_migrations"."version" FROM "schema_migrations" ORDER BY "schema_migrations"."version" ASC[0m
  ↳ /Users/hotman/.rbenv/versions/2.5.1/lib/ruby/gems/2.5.0/gems/activerecord-5.2.1/lib/active_record/log_subscriber.rb:98
Processing by DiariesController#show as HTML
  Parameters: {"id"=>"1"}
  [1m[36mDiary Load (0.4ms)[0m  [1m[34mSELECT  "diaries".* FROM "diaries" WHERE "diaries"."id" = $1 LIMIT $2[0m  [["id", 1], ["LIMIT", 1]]
  ↳ app/controllers/diaries_controller.rb:78
  Rendering diaries/show.html.erb within layouts/application
  Rendered diaries/show.html.erb within layouts/application (17.9ms)
Completed 500 Internal Server Error in 55ms (ActiveRecord: 6.1ms)


  
ActionView::Template::Error (undefined method `audio_path' for #<Diary:0x00007fc0a46804e0>):
    22: <% end %>
    23: 
    24: <p>
    25:   <%= audio_tag(@diary.audio_path, id:"audio", :controls => true) %>
    26: </p>
    27: 
    28: <p>
  
app/views/diaries/show.html.erb:25:in `_app_views_diaries_show_html_erb___165652253503322702_70232684383260'
Started GET "/diaries/1" for 127.0.0.1 at 2018-10-25 17:25:14 +0900
Processing by DiariesController#show as HTML
  Parameters: {"id"=>"1"}
  [1m[36mDiary Load (1.7ms)[0m  [1m[34mSELECT  "diaries".* FROM "diaries" WHERE "diaries"."id" = $1 LIMIT $2[0m  [["id", 1], ["LIMIT", 1]]
  ↳ app/controllers/diaries_controller.rb:78
  Rendering diaries/show.html.erb within layouts/application
  Rendered diaries/show.html.erb within layouts/application (20.9ms)
Completed 500 Internal Server Error in 39ms (ActiveRecord: 1.7ms)


  
ActionView::Template::Error (undefined method `audio_path' for #<Diary:0x00007fc0a464bd80>):
    22: <% end %>
    23: 
    24: <p>
    25:   <%= audio_tag(@diary.audio_path, id:"audio", :controls => true) %>
    26: </p>
    27: 
    28: <p>
  
app/views/diaries/show.html.erb:25:in `_app_views_diaries_show_html_erb___165652253503322702_70232684253580'
Started GET "/diaries/1" for 127.0.0.1 at 2018-10-25 17:25:36 +0900
Processing by DiariesController#show as HTML
  Parameters: {"id"=>"1"}
  [1m[36mDiary Load (0.6ms)[0m  [1m[34mSELECT  "diaries".* FROM "diaries" WHERE "diaries"."id" = $1 LIMIT $2[0m  [["id", 1], ["LIMIT", 1]]
  ↳ app/controllers/diaries_controller.rb:78
  Rendering diaries/show.html.erb within layouts/application
  Rendered diaries/show.html.erb within layouts/application (2.8ms)
Completed 200 OK in 267ms (Views: 261.7ms | ActiveRecord: 0.6ms)


Started GET "/diaries" for 127.0.0.1 at 2018-10-25 17:25:38 +0900
Processing by DiariesController#index as HTML
  Rendering diaries/index.html.erb within layouts/application
  [1m[36mDiary Load (0.5ms)[0m  [1m[34mSELECT "diaries".* FROM "diaries"[0m
  ↳ app/views/diaries/index.html.erb:16
  Rendered diaries/index.html.erb within layouts/application (3.2ms)
Completed 200 OK in 64ms (Views: 56.7ms | ActiveRecord: 0.5ms)


Started GET "/diaries" for 127.0.0.1 at 2018-10-25 17:28:56 +0900
Processing by DiariesController#index as HTML
  Rendering diaries/index.html.erb within layouts/application
  [1m[36mDiary Load (0.7ms)[0m  [1m[34mSELECT "diaries".* FROM "diaries"[0m
  ↳ app/views/diaries/index.html.erb:16
  Rendered diaries/index.html.erb within layouts/application (48.4ms)
Completed 200 OK in 130ms (Views: 107.1ms | ActiveRecord: 11.1ms)


Started GET "/diaries" for 127.0.0.1 at 2018-10-25 17:30:51 +0900
  [1m[35m (1.3ms)[0m  [1m[34mSELECT "schema_migrations"."version" FROM "schema_migrations" ORDER BY "schema_migrations"."version" ASC[0m
  ↳ /Users/hotman/.rbenv/versions/2.5.1/lib/ruby/gems/2.5.0/gems/activerecord-5.2.1/lib/active_record/log_subscriber.rb:98
Processing by DiariesController#index as HTML
  Rendering diaries/index.html.erb within layouts/application
  [1m[36mDiary Load (0.7ms)[0m  [1m[34mSELECT "diaries".* FROM "diaries"[0m
  ↳ app/views/diaries/index.html.erb:16
  Rendered diaries/index.html.erb within layouts/application (19.0ms)
Completed 200 OK in 345ms (Views: 315.2ms | ActiveRecord: 7.1ms)


Started GET "/diaries/1" for 127.0.0.1 at 2018-10-25 17:31:06 +0900
Processing by DiariesController#show as HTML
  Parameters: {"id"=>"1"}
  [1m[36mDiary Load (5.8ms)[0m  [1m[34mSELECT  "diaries".* FROM "diaries" WHERE "diaries"."id" = $1 LIMIT $2[0m  [["id", 1], ["LIMIT", 1]]
  ↳ app/controllers/diaries_controller.rb:78
  Rendering diaries/show.html.erb within layouts/application
  Rendered diaries/show.html.erb within layouts/application (1.6ms)
Completed 200 OK in 106ms (Views: 46.7ms | ActiveRecord: 6.1ms)


Started GET "/diaries" for 127.0.0.1 at 2018-10-25 17:31:09 +0900
Processing by DiariesController#index as HTML
  Rendering diaries/index.html.erb within layouts/application
  [1m[36mDiary Load (0.5ms)[0m  [1m[34mSELECT "diaries".* FROM "diaries"[0m
  ↳ app/views/diaries/index.html.erb:16
  Rendered diaries/index.html.erb within layouts/application (5.5ms)
Completed 200 OK in 89ms (Views: 84.4ms | ActiveRecord: 0.5ms)


Started GET "/diaries" for 127.0.0.1 at 2018-10-25 17:31:57 +0900
  [1m[35m (0.7ms)[0m  [1m[34mSELECT "schema_migrations"."version" FROM "schema_migrations" ORDER BY "schema_migrations"."version" ASC[0m
  ↳ /Users/hotman/.rbenv/versions/2.5.1/lib/ruby/gems/2.5.0/gems/activerecord-5.2.1/lib/active_record/log_subscriber.rb:98
Processing by DiariesController#index as HTML
  Rendering diaries/index.html.erb within layouts/application
  [1m[36mDiary Load (0.7ms)[0m  [1m[34mSELECT "diaries".* FROM "diaries"[0m
  ↳ app/views/diaries/index.html.erb:16
  Rendered diaries/index.html.erb within layouts/application (27.2ms)
Completed 200 OK in 395ms (Views: 368.9ms | ActiveRecord: 5.1ms)


Started GET "/diaries/1" for 127.0.0.1 at 2018-10-25 17:31:59 +0900
Processing by DiariesController#show as HTML
  Parameters: {"id"=>"1"}
  [1m[36mDiary Load (0.7ms)[0m  [1m[34mSELECT  "diaries".* FROM "diaries" WHERE "diaries"."id" = $1 LIMIT $2[0m  [["id", 1], ["LIMIT", 1]]
  ↳ app/controllers/diaries_controller.rb:78
  Rendering diaries/show.html.erb within layouts/application
  Rendered diaries/show.html.erb within layouts/application (1.4ms)
Completed 200 OK in 37ms (Views: 27.9ms | ActiveRecord: 1.0ms)


Started GET "/diaries/1/edit" for 127.0.0.1 at 2018-10-25 17:32:02 +0900
Processing by DiariesController#edit as HTML
  Parameters: {"id"=>"1"}
  [1m[36mDiary Load (0.5ms)[0m  [1m[34mSELECT  "diaries".* FROM "diaries" WHERE "diaries"."id" = $1 LIMIT $2[0m  [["id", 1], ["LIMIT", 1]]
  ↳ app/controllers/diaries_controller.rb:78
  Rendering diaries/edit.html.erb within layouts/application
  Rendered diaries/_form.html.erb (28.2ms)
  Rendered diaries/edit.html.erb within layouts/application (33.2ms)
Completed 200 OK in 112ms (Views: 106.9ms | ActiveRecord: 0.5ms)


Started GET "/diaries/1" for 127.0.0.1 at 2018-10-25 17:32:06 +0900
Processing by DiariesController#show as HTML
  Parameters: {"id"=>"1"}
  [1m[36mDiary Load (4.9ms)[0m  [1m[34mSELECT  "diaries".* FROM "diaries" WHERE "diaries"."id" = $1 LIMIT $2[0m  [["id", 1], ["LIMIT", 1]]
  ↳ app/controllers/diaries_controller.rb:78
  Rendering diaries/show.html.erb within layouts/application
  Rendered diaries/show.html.erb within layouts/application (2.9ms)
Completed 200 OK in 81ms (Views: 58.7ms | ActiveRecord: 4.9ms)


Started GET "/diaries" for 127.0.0.1 at 2018-10-25 17:32:08 +0900
Processing by DiariesController#index as HTML
  Rendering diaries/index.html.erb within layouts/application
  [1m[36mDiary Load (0.8ms)[0m  [1m[34mSELECT "diaries".* FROM "diaries"[0m
  ↳ app/views/diaries/index.html.erb:16
  Rendered diaries/index.html.erb within layouts/application (2.7ms)
Completed 200 OK in 48ms (Views: 42.6ms | ActiveRecord: 0.8ms)


  [1m[35m (0.2ms)[0m  [1m[34mSELECT pg_try_advisory_lock(2543800416081167880)[0m
  ↳ /Users/hotman/.rbenv/versions/2.5.1/bin/rake:23
  [1m[35m (0.7ms)[0m  [1m[34mSELECT "schema_migrations"."version" FROM "schema_migrations" ORDER BY "schema_migrations"."version" ASC[0m
  ↳ /Users/hotman/.rbenv/versions/2.5.1/bin/rake:23
Migrating to DeviseCreateUsers (20181025083434)
  [1m[35m (0.2ms)[0m  [1m[35mBEGIN[0m
  ↳ /Users/hotman/.rbenv/versions/2.5.1/bin/rake:23
  [1m[35m (7.1ms)[0m  [1m[35mCREATE TABLE "users" ("id" bigserial primary key, "email" character varying DEFAULT '' NOT NULL, "encrypted_password" character varying DEFAULT '' NOT NULL, "reset_password_token" character varying, "reset_password_sent_at" timestamp, "remember_created_at" timestamp, "created_at" timestamp NOT NULL, "updated_at" timestamp NOT NULL)[0m
  ↳ db/migrate/20181025083434_devise_create_users.rb:5
  [1m[35m (3.1ms)[0m  [1m[35mCREATE UNIQUE INDEX  "index_users_on_email" ON "users"  ("email")[0m
  ↳ db/migrate/20181025083434_devise_create_users.rb:39
  [1m[35m (1.2ms)[0m  [1m[35mCREATE UNIQUE INDEX  "index_users_on_reset_password_token" ON "users"  ("reset_password_token")[0m
  ↳ db/migrate/20181025083434_devise_create_users.rb:40
  [1m[36mActiveRecord::SchemaMigration Create (0.4ms)[0m  [1m[32mINSERT INTO "schema_migrations" ("version") VALUES ($1) RETURNING "version"[0m  [["version", "20181025083434"]]
  ↳ /Users/hotman/.rbenv/versions/2.5.1/bin/rake:23
  [1m[35m (1.3ms)[0m  [1m[35mCOMMIT[0m
  ↳ /Users/hotman/.rbenv/versions/2.5.1/bin/rake:23
  [1m[36mActiveRecord::InternalMetadata Load (0.6ms)[0m  [1m[34mSELECT  "ar_internal_metadata".* FROM "ar_internal_metadata" WHERE "ar_internal_metadata"."key" = $1 LIMIT $2[0m  [["key", "environment"], ["LIMIT", 1]]
  ↳ /Users/hotman/.rbenv/versions/2.5.1/bin/rake:23
  [1m[35m (0.2ms)[0m  [1m[35mBEGIN[0m
  ↳ /Users/hotman/.rbenv/versions/2.5.1/bin/rake:23
  [1m[35m (0.2ms)[0m  [1m[35mCOMMIT[0m
  ↳ /Users/hotman/.rbenv/versions/2.5.1/bin/rake:23
  [1m[35m (0.2ms)[0m  [1m[34mSELECT pg_advisory_unlock(2543800416081167880)[0m
  ↳ /Users/hotman/.rbenv/versions/2.5.1/bin/rake:23
  [1m[35m (0.3ms)[0m  [1m[34mSELECT "schema_migrations"."version" FROM "schema_migrations" ORDER BY "schema_migrations"."version" ASC[0m
  ↳ /Users/hotman/.rbenv/versions/2.5.1/bin/rake:23
Started GET "/diaries" for 127.0.0.1 at 2018-10-25 17:35:08 +0900
  [1m[35m (0.8ms)[0m  [1m[34mSELECT "schema_migrations"."version" FROM "schema_migrations" ORDER BY "schema_migrations"."version" ASC[0m
  ↳ /Users/hotman/.rbenv/versions/2.5.1/lib/ruby/gems/2.5.0/gems/activerecord-5.2.1/lib/active_record/log_subscriber.rb:98
Processing by DiariesController#index as HTML
  Rendering diaries/index.html.erb within layouts/application
  [1m[36mDiary Load (0.6ms)[0m  [1m[34mSELECT "diaries".* FROM "diaries"[0m
  ↳ app/views/diaries/index.html.erb:16
  Rendered diaries/index.html.erb within layouts/application (20.4ms)
Completed 200 OK in 579ms (Views: 559.4ms | ActiveRecord: 6.1ms)


Started GET "/users" for 127.0.0.1 at 2018-10-25 17:35:12 +0900
  
ActionController::RoutingError (No route matches [GET] "/users"):
  
actionpack (5.2.1) lib/action_dispatch/middleware/debug_exceptions.rb:65:in `call'
web-console (3.7.0) lib/web_console/middleware.rb:135:in `call_app'
web-console (3.7.0) lib/web_console/middleware.rb:30:in `block in call'
web-console (3.7.0) lib/web_console/middleware.rb:20:in `catch'
web-console (3.7.0) lib/web_console/middleware.rb:20:in `call'
actionpack (5.2.1) lib/action_dispatch/middleware/show_exceptions.rb:33:in `call'
railties (5.2.1) lib/rails/rack/logger.rb:38:in `call_app'
railties (5.2.1) lib/rails/rack/logger.rb:26:in `block in call'
activesupport (5.2.1) lib/active_support/tagged_logging.rb:71:in `block in tagged'
activesupport (5.2.1) lib/active_support/tagged_logging.rb:28:in `tagged'
activesupport (5.2.1) lib/active_support/tagged_logging.rb:71:in `tagged'
railties (5.2.1) lib/rails/rack/logger.rb:26:in `call'
sprockets-rails (3.2.1) lib/sprockets/rails/quiet_assets.rb:13:in `call'
actionpack (5.2.1) lib/action_dispatch/middleware/remote_ip.rb:81:in `call'
actionpack (5.2.1) lib/action_dispatch/middleware/request_id.rb:27:in `call'
rack (2.0.5) lib/rack/method_override.rb:22:in `call'
rack (2.0.5) lib/rack/runtime.rb:22:in `call'
activesupport (5.2.1) lib/active_support/cache/strategy/local_cache_middleware.rb:29:in `call'
actionpack (5.2.1) lib/action_dispatch/middleware/executor.rb:14:in `call'
actionpack (5.2.1) lib/action_dispatch/middleware/static.rb:127:in `call'
rack (2.0.5) lib/rack/sendfile.rb:111:in `call'
railties (5.2.1) lib/rails/engine.rb:524:in `call'
puma (3.12.0) lib/puma/configuration.rb:225:in `call'
puma (3.12.0) lib/puma/server.rb:658:in `handle_request'
puma (3.12.0) lib/puma/server.rb:472:in `process_client'
puma (3.12.0) lib/puma/server.rb:332:in `block in run'
puma (3.12.0) lib/puma/thread_pool.rb:133:in `block in spawn_thread'
Started GET "/users/sign_up" for 127.0.0.1 at 2018-10-25 17:35:20 +0900
Processing by Devise::RegistrationsController#new as HTML
  Rendering /Users/hotman/.rbenv/versions/2.5.1/lib/ruby/gems/2.5.0/gems/devise-4.5.0/app/views/devise/registrations/new.html.erb within layouts/application
  Rendered /Users/hotman/.rbenv/versions/2.5.1/lib/ruby/gems/2.5.0/gems/devise-4.5.0/app/views/devise/shared/_links.html.erb (1.2ms)
  Rendered /Users/hotman/.rbenv/versions/2.5.1/lib/ruby/gems/2.5.0/gems/devise-4.5.0/app/views/devise/registrations/new.html.erb within layouts/application (29.5ms)
Completed 200 OK in 101ms (Views: 77.8ms | ActiveRecord: 4.4ms)


Started GET "/diaries" for 127.0.0.1 at 2018-10-25 17:37:16 +0900
  [1m[35m (1.4ms)[0m  [1m[34mSELECT "schema_migrations"."version" FROM "schema_migrations" ORDER BY "schema_migrations"."version" ASC[0m
  ↳ /Users/hotman/.rbenv/versions/2.5.1/lib/ruby/gems/2.5.0/gems/activerecord-5.2.1/lib/active_record/log_subscriber.rb:98
Processing by DiariesController#index as HTML
Completed 401 Unauthorized in 65ms (ActiveRecord: 0.0ms)


Started GET "/users/sign_in" for 127.0.0.1 at 2018-10-25 17:37:16 +0900
Processing by Devise::SessionsController#new as HTML
  Rendering /Users/hotman/.rbenv/versions/2.5.1/lib/ruby/gems/2.5.0/gems/devise-4.5.0/app/views/devise/sessions/new.html.erb within layouts/application
  Rendered /Users/hotman/.rbenv/versions/2.5.1/lib/ruby/gems/2.5.0/gems/devise-4.5.0/app/views/devise/shared/_links.html.erb (2.0ms)
  Rendered /Users/hotman/.rbenv/versions/2.5.1/lib/ruby/gems/2.5.0/gems/devise-4.5.0/app/views/devise/sessions/new.html.erb within layouts/application (35.0ms)
Completed 200 OK in 569ms (Views: 531.8ms | ActiveRecord: 6.9ms)


Started POST "/users/sign_in" for 127.0.0.1 at 2018-10-25 17:37:20 +0900
Processing by Devise::SessionsController#create as HTML
  Parameters: {"utf8"=>"✓", "authenticity_token"=>"mGOvCX5OJAVzWFfLv0Pf8nMn+uY35/MvZq6e+uZkgW2WOUcRq/c8KesxBBlEeU4/bf+2baGtTBZsALQ2VVIXpQ==", "user"=>{"email"=>"admin@example.com", "password"=>"[FILTERED]", "remember_me"=>"0"}, "commit"=>"Log in"}
  [1m[36mUser Load (2.1ms)[0m  [1m[34mSELECT  "users".* FROM "users" WHERE "users"."email" = $1 ORDER BY "users"."id" ASC LIMIT $2[0m  [["email", "admin@example.com"], ["LIMIT", 1]]
  ↳ /Users/hotman/.rbenv/versions/2.5.1/lib/ruby/gems/2.5.0/gems/activerecord-5.2.1/lib/active_record/log_subscriber.rb:98
Completed 401 Unauthorized in 8ms (ActiveRecord: 2.1ms)


Processing by Devise::SessionsController#new as HTML
  Parameters: {"utf8"=>"✓", "authenticity_token"=>"mGOvCX5OJAVzWFfLv0Pf8nMn+uY35/MvZq6e+uZkgW2WOUcRq/c8KesxBBlEeU4/bf+2baGtTBZsALQ2VVIXpQ==", "user"=>{"email"=>"admin@example.com", "password"=>"[FILTERED]", "remember_me"=>"0"}, "commit"=>"Log in"}
  Rendering /Users/hotman/.rbenv/versions/2.5.1/lib/ruby/gems/2.5.0/gems/devise-4.5.0/app/views/devise/sessions/new.html.erb within layouts/application
  Rendered /Users/hotman/.rbenv/versions/2.5.1/lib/ruby/gems/2.5.0/gems/devise-4.5.0/app/views/devise/shared/_links.html.erb (0.9ms)
  Rendered /Users/hotman/.rbenv/versions/2.5.1/lib/ruby/gems/2.5.0/gems/devise-4.5.0/app/views/devise/sessions/new.html.erb within layouts/application (7.4ms)
Completed 200 OK in 206ms (Views: 43.9ms | ActiveRecord: 0.0ms)


Started GET "/users" for 127.0.0.1 at 2018-10-25 17:40:25 +0900
  [1m[35m (1.4ms)[0m  [1m[34mSELECT "schema_migrations"."version" FROM "schema_migrations" ORDER BY "schema_migrations"."version" ASC[0m
  ↳ /Users/hotman/.rbenv/versions/2.5.1/lib/ruby/gems/2.5.0/gems/activerecord-5.2.1/lib/active_record/log_subscriber.rb:98
  
ActionController::RoutingError (No route matches [GET] "/users"):
  
actionpack (5.2.1) lib/action_dispatch/middleware/debug_exceptions.rb:65:in `call'
web-console (3.7.0) lib/web_console/middleware.rb:135:in `call_app'
web-console (3.7.0) lib/web_console/middleware.rb:30:in `block in call'
web-console (3.7.0) lib/web_console/middleware.rb:20:in `catch'
web-console (3.7.0) lib/web_console/middleware.rb:20:in `call'
actionpack (5.2.1) lib/action_dispatch/middleware/show_exceptions.rb:33:in `call'
railties (5.2.1) lib/rails/rack/logger.rb:38:in `call_app'
railties (5.2.1) lib/rails/rack/logger.rb:26:in `block in call'
activesupport (5.2.1) lib/active_support/tagged_logging.rb:71:in `block in tagged'
activesupport (5.2.1) lib/active_support/tagged_logging.rb:28:in `tagged'
activesupport (5.2.1) lib/active_support/tagged_logging.rb:71:in `tagged'
railties (5.2.1) lib/rails/rack/logger.rb:26:in `call'
sprockets-rails (3.2.1) lib/sprockets/rails/quiet_assets.rb:13:in `call'
actionpack (5.2.1) lib/action_dispatch/middleware/remote_ip.rb:81:in `call'
actionpack (5.2.1) lib/action_dispatch/middleware/request_id.rb:27:in `call'
rack (2.0.5) lib/rack/method_override.rb:22:in `call'
rack (2.0.5) lib/rack/runtime.rb:22:in `call'
activesupport (5.2.1) lib/active_support/cache/strategy/local_cache_middleware.rb:29:in `call'
actionpack (5.2.1) lib/action_dispatch/middleware/executor.rb:14:in `call'
actionpack (5.2.1) lib/action_dispatch/middleware/static.rb:127:in `call'
rack (2.0.5) lib/rack/sendfile.rb:111:in `call'
railties (5.2.1) lib/rails/engine.rb:524:in `call'
puma (3.12.0) lib/puma/configuration.rb:225:in `call'
puma (3.12.0) lib/puma/server.rb:658:in `handle_request'
puma (3.12.0) lib/puma/server.rb:472:in `process_client'
puma (3.12.0) lib/puma/server.rb:332:in `block in run'
puma (3.12.0) lib/puma/thread_pool.rb:133:in `block in spawn_thread'
Started GET "/diaries" for 127.0.0.1 at 2018-10-25 17:40:53 +0900
  [1m[35m (0.9ms)[0m  [1m[34mSELECT "schema_migrations"."version" FROM "schema_migrations" ORDER BY "schema_migrations"."version" ASC[0m
  ↳ /Users/hotman/.rbenv/versions/2.5.1/lib/ruby/gems/2.5.0/gems/activerecord-5.2.1/lib/active_record/log_subscriber.rb:98
Processing by DiariesController#index as HTML
Completed 401 Unauthorized in 22ms (ActiveRecord: 0.0ms)


Started GET "/users/sign_in" for 127.0.0.1 at 2018-10-25 17:40:53 +0900
Processing by Devise::SessionsController#new as HTML
  Rendering /Users/hotman/.rbenv/versions/2.5.1/lib/ruby/gems/2.5.0/gems/devise-4.5.0/app/views/devise/sessions/new.html.erb within layouts/application
  Rendered /Users/hotman/.rbenv/versions/2.5.1/lib/ruby/gems/2.5.0/gems/devise-4.5.0/app/views/devise/shared/_links.html.erb (2.4ms)
  Rendered /Users/hotman/.rbenv/versions/2.5.1/lib/ruby/gems/2.5.0/gems/devise-4.5.0/app/views/devise/sessions/new.html.erb within layouts/application (26.0ms)
Completed 200 OK in 349ms (Views: 330.1ms | ActiveRecord: 4.4ms)


Started GET "/users/sign_up" for 127.0.0.1 at 2018-10-25 17:41:29 +0900
  [1m[35m (0.5ms)[0m  [1m[34mSELECT "schema_migrations"."version" FROM "schema_migrations" ORDER BY "schema_migrations"."version" ASC[0m
  ↳ /Users/hotman/.rbenv/versions/2.5.1/lib/ruby/gems/2.5.0/gems/activerecord-5.2.1/lib/active_record/log_subscriber.rb:98
Processing by Devise::RegistrationsController#new as HTML
  Rendering /Users/hotman/.rbenv/versions/2.5.1/lib/ruby/gems/2.5.0/gems/devise-4.5.0/app/views/devise/registrations/new.html.erb within layouts/application
  Rendered /Users/hotman/.rbenv/versions/2.5.1/lib/ruby/gems/2.5.0/gems/devise-4.5.0/app/views/devise/shared/_links.html.erb (2.7ms)
  Rendered /Users/hotman/.rbenv/versions/2.5.1/lib/ruby/gems/2.5.0/gems/devise-4.5.0/app/views/devise/registrations/new.html.erb within layouts/application (32.3ms)
Completed 200 OK in 404ms (Views: 377.6ms | ActiveRecord: 4.7ms)


Started GET "/users/" for 127.0.0.1 at 2018-10-25 17:41:32 +0900
  
ActionController::RoutingError (No route matches [GET] "/users"):
  
actionpack (5.2.1) lib/action_dispatch/middleware/debug_exceptions.rb:65:in `call'
web-console (3.7.0) lib/web_console/middleware.rb:135:in `call_app'
web-console (3.7.0) lib/web_console/middleware.rb:30:in `block in call'
web-console (3.7.0) lib/web_console/middleware.rb:20:in `catch'
web-console (3.7.0) lib/web_console/middleware.rb:20:in `call'
actionpack (5.2.1) lib/action_dispatch/middleware/show_exceptions.rb:33:in `call'
railties (5.2.1) lib/rails/rack/logger.rb:38:in `call_app'
railties (5.2.1) lib/rails/rack/logger.rb:26:in `block in call'
activesupport (5.2.1) lib/active_support/tagged_logging.rb:71:in `block in tagged'
activesupport (5.2.1) lib/active_support/tagged_logging.rb:28:in `tagged'
activesupport (5.2.1) lib/active_support/tagged_logging.rb:71:in `tagged'
railties (5.2.1) lib/rails/rack/logger.rb:26:in `call'
sprockets-rails (3.2.1) lib/sprockets/rails/quiet_assets.rb:13:in `call'
actionpack (5.2.1) lib/action_dispatch/middleware/remote_ip.rb:81:in `call'
actionpack (5.2.1) lib/action_dispatch/middleware/request_id.rb:27:in `call'
rack (2.0.5) lib/rack/method_override.rb:22:in `call'
rack (2.0.5) lib/rack/runtime.rb:22:in `call'
activesupport (5.2.1) lib/active_support/cache/strategy/local_cache_middleware.rb:29:in `call'
actionpack (5.2.1) lib/action_dispatch/middleware/executor.rb:14:in `call'
actionpack (5.2.1) lib/action_dispatch/middleware/static.rb:127:in `call'
rack (2.0.5) lib/rack/sendfile.rb:111:in `call'
railties (5.2.1) lib/rails/engine.rb:524:in `call'
puma (3.12.0) lib/puma/configuration.rb:225:in `call'
puma (3.12.0) lib/puma/server.rb:658:in `handle_request'
puma (3.12.0) lib/puma/server.rb:472:in `process_client'
puma (3.12.0) lib/puma/server.rb:332:in `block in run'
puma (3.12.0) lib/puma/thread_pool.rb:133:in `block in spawn_thread'
Started GET "/diaries" for 127.0.0.1 at 2018-10-25 17:41:52 +0900
Processing by DiariesController#index as HTML
Completed 401 Unauthorized in 2ms (ActiveRecord: 0.0ms)


Started GET "/users/sign_in" for 127.0.0.1 at 2018-10-25 17:41:52 +0900
Processing by Devise::SessionsController#new as HTML
  Rendering /Users/hotman/.rbenv/versions/2.5.1/lib/ruby/gems/2.5.0/gems/devise-4.5.0/app/views/devise/sessions/new.html.erb within layouts/application
  Rendered /Users/hotman/.rbenv/versions/2.5.1/lib/ruby/gems/2.5.0/gems/devise-4.5.0/app/views/devise/shared/_links.html.erb (2.6ms)
  Rendered /Users/hotman/.rbenv/versions/2.5.1/lib/ruby/gems/2.5.0/gems/devise-4.5.0/app/views/devise/sessions/new.html.erb within layouts/application (15.5ms)
Completed 200 OK in 70ms (Views: 66.4ms | ActiveRecord: 0.0ms)


Started GET "/diaries" for 127.0.0.1 at 2018-10-25 17:44:36 +0900
  [1m[35m (0.8ms)[0m  [1m[34mSELECT "schema_migrations"."version" FROM "schema_migrations" ORDER BY "schema_migrations"."version" ASC[0m
  ↳ /Users/hotman/.rbenv/versions/2.5.1/lib/ruby/gems/2.5.0/gems/activerecord-5.2.1/lib/active_record/log_subscriber.rb:98
Processing by DiariesController#index as HTML
Completed 401 Unauthorized in 23ms (ActiveRecord: 0.0ms)


Started GET "/users/sign_in" for 127.0.0.1 at 2018-10-25 17:44:36 +0900
Processing by Devise::SessionsController#new as HTML
  Rendering /Users/hotman/.rbenv/versions/2.5.1/lib/ruby/gems/2.5.0/gems/devise-4.5.0/app/views/devise/sessions/new.html.erb within layouts/application
  Rendered /Users/hotman/.rbenv/versions/2.5.1/lib/ruby/gems/2.5.0/gems/devise-4.5.0/app/views/devise/shared/_links.html.erb (1.9ms)
  Rendered /Users/hotman/.rbenv/versions/2.5.1/lib/ruby/gems/2.5.0/gems/devise-4.5.0/app/views/devise/sessions/new.html.erb within layouts/application (30.8ms)
Completed 200 OK in 3648ms (Views: 3611.7ms | ActiveRecord: 7.9ms)


Started GET "/users/sign_in" for 127.0.0.1 at 2018-10-25 17:44:40 +0900
Processing by Devise::SessionsController#new as HTML
  Rendering /Users/hotman/.rbenv/versions/2.5.1/lib/ruby/gems/2.5.0/gems/devise-4.5.0/app/views/devise/sessions/new.html.erb within layouts/application
  Rendered /Users/hotman/.rbenv/versions/2.5.1/lib/ruby/gems/2.5.0/gems/devise-4.5.0/app/views/devise/shared/_links.html.erb (1.7ms)
  Rendered /Users/hotman/.rbenv/versions/2.5.1/lib/ruby/gems/2.5.0/gems/devise-4.5.0/app/views/devise/sessions/new.html.erb within layouts/application (12.0ms)
Completed 200 OK in 78ms (Views: 77.0ms | ActiveRecord: 0.0ms)


Started POST "/users/sign_in" for 127.0.0.1 at 2018-10-25 17:44:42 +0900
Processing by Devise::SessionsController#create as HTML
  Parameters: {"utf8"=>"✓", "authenticity_token"=>"/vC8xJerdgeG01QoJxZlT8c/rl4toWEX6mHPcpZ97/XwqlTcQhJuKx66B/rcLPSC2efi1bvr3i7gz+W+JUt5PQ==", "user"=>{"email"=>"admin@example.com", "password"=>"[FILTERED]", "remember_me"=>"0"}, "commit"=>"Log in"}
  [1m[36mUser Load (1.4ms)[0m  [1m[34mSELECT  "users".* FROM "users" WHERE "users"."email" = $1 ORDER BY "users"."id" ASC LIMIT $2[0m  [["email", "admin@example.com"], ["LIMIT", 1]]
  ↳ /Users/hotman/.rbenv/versions/2.5.1/lib/ruby/gems/2.5.0/gems/activerecord-5.2.1/lib/active_record/log_subscriber.rb:98
Completed 401 Unauthorized in 8ms (ActiveRecord: 1.4ms)


Processing by Devise::SessionsController#new as HTML
  Parameters: {"utf8"=>"✓", "authenticity_token"=>"/vC8xJerdgeG01QoJxZlT8c/rl4toWEX6mHPcpZ97/XwqlTcQhJuKx66B/rcLPSC2efi1bvr3i7gz+W+JUt5PQ==", "user"=>{"email"=>"admin@example.com", "password"=>"[FILTERED]", "remember_me"=>"0"}, "commit"=>"Log in"}
  Rendering /Users/hotman/.rbenv/versions/2.5.1/lib/ruby/gems/2.5.0/gems/devise-4.5.0/app/views/devise/sessions/new.html.erb within layouts/application
  Rendered /Users/hotman/.rbenv/versions/2.5.1/lib/ruby/gems/2.5.0/gems/devise-4.5.0/app/views/devise/shared/_links.html.erb (1.6ms)
  Rendered /Users/hotman/.rbenv/versions/2.5.1/lib/ruby/gems/2.5.0/gems/devise-4.5.0/app/views/devise/sessions/new.html.erb within layouts/application (8.6ms)
Completed 200 OK in 287ms (Views: 49.1ms | ActiveRecord: 0.0ms)


Started GET "/users/sign_up" for 127.0.0.1 at 2018-10-25 17:44:44 +0900
Processing by Devise::RegistrationsController#new as HTML
  Rendering /Users/hotman/.rbenv/versions/2.5.1/lib/ruby/gems/2.5.0/gems/devise-4.5.0/app/views/devise/registrations/new.html.erb within layouts/application
  Rendered /Users/hotman/.rbenv/versions/2.5.1/lib/ruby/gems/2.5.0/gems/devise-4.5.0/app/views/devise/shared/_links.html.erb (1.1ms)
  Rendered /Users/hotman/.rbenv/versions/2.5.1/lib/ruby/gems/2.5.0/gems/devise-4.5.0/app/views/devise/registrations/new.html.erb within layouts/application (14.2ms)
Completed 200 OK in 66ms (Views: 64.5ms | ActiveRecord: 0.0ms)


Started POST "/users" for 127.0.0.1 at 2018-10-25 17:44:59 +0900
Processing by Devise::RegistrationsController#create as HTML
  Parameters: {"utf8"=>"✓", "authenticity_token"=>"vKrmzVqTHbq4Wv2kA3yPQfllj2c4c87PgSxfSJEavVL9mg4gMijb/uzdTdrPcEGKMJcMyrY0g/5lUl1Ysxk1gA==", "user"=>{"email"=>"oedalab@example.com", "password"=>"[FILTERED]", "password_confirmation"=>"[FILTERED]"}, "commit"=>"Sign up"}
  [1m[35m (0.2ms)[0m  [1m[35mBEGIN[0m
  ↳ /Users/hotman/.rbenv/versions/2.5.1/lib/ruby/gems/2.5.0/gems/activerecord-5.2.1/lib/active_record/log_subscriber.rb:98
  [1m[36mUser Exists (0.3ms)[0m  [1m[34mSELECT  1 AS one FROM "users" WHERE "users"."email" = $1 LIMIT $2[0m  [["email", "oedalab@example.com"], ["LIMIT", 1]]
  ↳ /Users/hotman/.rbenv/versions/2.5.1/lib/ruby/gems/2.5.0/gems/activerecord-5.2.1/lib/active_record/log_subscriber.rb:98
  [1m[36mUser Create (3.6ms)[0m  [1m[32mINSERT INTO "users" ("email", "encrypted_password", "created_at", "updated_at") VALUES ($1, $2, $3, $4) RETURNING "id"[0m  [["email", "oedalab@example.com"], ["encrypted_password", "$2a$11$vQ7SJusEUwJ3NWCwxUesRuqF/sOVVXIQRGBHKjABPrswG/TgSZFAG"], ["created_at", "2018-10-25 08:44:59.994738"], ["updated_at", "2018-10-25 08:44:59.994738"]]
  ↳ /Users/hotman/.rbenv/versions/2.5.1/lib/ruby/gems/2.5.0/gems/activerecord-5.2.1/lib/active_record/log_subscriber.rb:98
  [1m[35m (1.5ms)[0m  [1m[35mCOMMIT[0m
  ↳ /Users/hotman/.rbenv/versions/2.5.1/lib/ruby/gems/2.5.0/gems/activerecord-5.2.1/lib/active_record/log_subscriber.rb:98
Redirected to http://localhost:3000/diaries
Completed 302 Found in 187ms (ActiveRecord: 5.6ms)


Started GET "/diaries" for 127.0.0.1 at 2018-10-25 17:45:00 +0900
Processing by DiariesController#index as HTML
  [1m[36mUser Load (0.4ms)[0m  [1m[34mSELECT  "users".* FROM "users" WHERE "users"."id" = $1 ORDER BY "users"."id" ASC LIMIT $2[0m  [["id", 1], ["LIMIT", 1]]
  ↳ /Users/hotman/.rbenv/versions/2.5.1/lib/ruby/gems/2.5.0/gems/activerecord-5.2.1/lib/active_record/log_subscriber.rb:98
  Rendering diaries/index.html.erb within layouts/application
  [1m[36mDiary Load (0.6ms)[0m  [1m[34mSELECT "diaries".* FROM "diaries"[0m
  ↳ app/views/diaries/index.html.erb:16
  Rendered diaries/index.html.erb within layouts/application (10.9ms)
Completed 200 OK in 48ms (Views: 36.3ms | ActiveRecord: 3.5ms)


Started GET "/diaries/new" for 127.0.0.1 at 2018-10-25 17:45:05 +0900
Processing by DiariesController#new as HTML
  [1m[36mUser Load (2.3ms)[0m  [1m[34mSELECT  "users".* FROM "users" WHERE "users"."id" = $1 ORDER BY "users"."id" ASC LIMIT $2[0m  [["id", 1], ["LIMIT", 1]]
  ↳ /Users/hotman/.rbenv/versions/2.5.1/lib/ruby/gems/2.5.0/gems/activerecord-5.2.1/lib/active_record/log_subscriber.rb:98
  Rendering diaries/new.html.erb within layouts/application
  Rendered diaries/_form.html.erb (45.3ms)
  Rendered diaries/new.html.erb within layouts/application (56.8ms)
Completed 200 OK in 116ms (Views: 104.1ms | ActiveRecord: 2.3ms)


Started GET "/diaries/1" for 127.0.0.1 at 2018-10-25 17:45:08 +0900
Processing by DiariesController#show as HTML
  Parameters: {"id"=>"1"}
  [1m[36mUser Load (8.4ms)[0m  [1m[34mSELECT  "users".* FROM "users" WHERE "users"."id" = $1 ORDER BY "users"."id" ASC LIMIT $2[0m  [["id", 1], ["LIMIT", 1]]
  ↳ /Users/hotman/.rbenv/versions/2.5.1/lib/ruby/gems/2.5.0/gems/activerecord-5.2.1/lib/active_record/log_subscriber.rb:98
  [1m[36mDiary Load (1.4ms)[0m  [1m[34mSELECT  "diaries".* FROM "diaries" WHERE "diaries"."id" = $1 LIMIT $2[0m  [["id", 1], ["LIMIT", 1]]
  ↳ app/controllers/diaries_controller.rb:78
  Rendering diaries/show.html.erb within layouts/application
  Rendered diaries/show.html.erb within layouts/application (3.1ms)
Completed 200 OK in 88ms (Views: 60.3ms | ActiveRecord: 15.9ms)


Started GET "/diaries/1/edit" for 127.0.0.1 at 2018-10-25 17:45:11 +0900
Processing by DiariesController#edit as HTML
  Parameters: {"id"=>"1"}
  [1m[36mUser Load (0.8ms)[0m  [1m[34mSELECT  "users".* FROM "users" WHERE "users"."id" = $1 ORDER BY "users"."id" ASC LIMIT $2[0m  [["id", 1], ["LIMIT", 1]]
  ↳ /Users/hotman/.rbenv/versions/2.5.1/lib/ruby/gems/2.5.0/gems/activerecord-5.2.1/lib/active_record/log_subscriber.rb:98
  [1m[36mDiary Load (0.3ms)[0m  [1m[34mSELECT  "diaries".* FROM "diaries" WHERE "diaries"."id" = $1 LIMIT $2[0m  [["id", 1], ["LIMIT", 1]]
  ↳ app/controllers/diaries_controller.rb:78
  Rendering diaries/edit.html.erb within layouts/application
  Rendered diaries/_form.html.erb (9.0ms)
  Rendered diaries/edit.html.erb within layouts/application (13.8ms)
Completed 200 OK in 61ms (Views: 51.7ms | ActiveRecord: 1.1ms)


Started PATCH "/diaries/1" for 127.0.0.1 at 2018-10-25 17:45:15 +0900
Processing by DiariesController#update as HTML
  Parameters: {"utf8"=>"✓", "authenticity_token"=>"96ThyT3K0cRwqVfv8pwQ9oQQnU0YaelNrWETqv3+vVf5/gnR6HPJ6OjABD0JpoE7msjRxo4jVnSnzzlmTsgrnw==", "diary"=>{"id"=>"139", "title"=>"asdfsdf", "subtitle"=>"", "month"=>"", "pages"=>""}, "commit"=>"Update Diary", "id"=>"1"}
  [1m[36mUser Load (1.5ms)[0m  [1m[34mSELECT  "users".* FROM "users" WHERE "users"."id" = $1 ORDER BY "users"."id" ASC LIMIT $2[0m  [["id", 1], ["LIMIT", 1]]
  ↳ /Users/hotman/.rbenv/versions/2.5.1/lib/ruby/gems/2.5.0/gems/activerecord-5.2.1/lib/active_record/log_subscriber.rb:98
  [1m[36mDiary Load (0.4ms)[0m  [1m[34mSELECT  "diaries".* FROM "diaries" WHERE "diaries"."id" = $1 LIMIT $2[0m  [["id", 1], ["LIMIT", 1]]
  ↳ app/controllers/diaries_controller.rb:78
  [1m[35m (0.2ms)[0m  [1m[35mBEGIN[0m
  ↳ app/controllers/diaries_controller.rb:55
  [1m[36mDiary Update (0.5ms)[0m  [1m[33mUPDATE "diaries" SET "id" = $1, "updated_at" = $2 WHERE "diaries"."id" = $3[0m  [["id", 139], ["updated_at", "2018-10-25 08:45:15.742926"], ["id", 1]]
  ↳ app/controllers/diaries_controller.rb:55
  [1m[35m (0.9ms)[0m  [1m[35mCOMMIT[0m
  ↳ app/controllers/diaries_controller.rb:55
Redirected to http://localhost:3000/diaries/139
Completed 302 Found in 12ms (ActiveRecord: 3.5ms)


Started GET "/diaries/139" for 127.0.0.1 at 2018-10-25 17:45:15 +0900
Processing by DiariesController#show as HTML
  Parameters: {"id"=>"139"}
  [1m[36mUser Load (1.4ms)[0m  [1m[34mSELECT  "users".* FROM "users" WHERE "users"."id" = $1 ORDER BY "users"."id" ASC LIMIT $2[0m  [["id", 1], ["LIMIT", 1]]
  ↳ /Users/hotman/.rbenv/versions/2.5.1/lib/ruby/gems/2.5.0/gems/activerecord-5.2.1/lib/active_record/log_subscriber.rb:98
  [1m[36mDiary Load (0.4ms)[0m  [1m[34mSELECT  "diaries".* FROM "diaries" WHERE "diaries"."id" = $1 LIMIT $2[0m  [["id", 139], ["LIMIT", 1]]
  ↳ app/controllers/diaries_controller.rb:78
  Rendering diaries/show.html.erb within layouts/application
  Rendered diaries/show.html.erb within layouts/application (4.0ms)
Completed 500 Internal Server Error in 23ms (ActiveRecord: 1.8ms)


  
ActionView::Template::Error (nil is not a valid asset source):
    22: <% end %>
    23: 
    24: <p>
    25:   <%= audio_tag(@audio_path, id:"audio", :controls => true) %>
    26: </p>
    27: 
    28: <p>
  
app/views/diaries/show.html.erb:25:in `_app_views_diaries_show_html_erb__548949336333959664_70341662510600'
Started GET "/diaries/139/edit" for 127.0.0.1 at 2018-10-25 17:45:39 +0900
Processing by DiariesController#edit as HTML
  Parameters: {"id"=>"139"}
  [1m[36mUser Load (1.1ms)[0m  [1m[34mSELECT  "users".* FROM "users" WHERE "users"."id" = $1 ORDER BY "users"."id" ASC LIMIT $2[0m  [["id", 1], ["LIMIT", 1]]
  ↳ /Users/hotman/.rbenv/versions/2.5.1/lib/ruby/gems/2.5.0/gems/activerecord-5.2.1/lib/active_record/log_subscriber.rb:98
  [1m[36mDiary Load (0.3ms)[0m  [1m[34mSELECT  "diaries".* FROM "diaries" WHERE "diaries"."id" = $1 LIMIT $2[0m  [["id", 139], ["LIMIT", 1]]
  ↳ app/controllers/diaries_controller.rb:78
  Rendering diaries/edit.html.erb within layouts/application
  Rendered diaries/_form.html.erb (7.7ms)
  Rendered diaries/edit.html.erb within layouts/application (12.4ms)
Completed 200 OK in 115ms (Views: 105.1ms | ActiveRecord: 1.4ms)


Started PATCH "/diaries/139" for 127.0.0.1 at 2018-10-25 17:45:43 +0900
Processing by DiariesController#update as HTML
  Parameters: {"utf8"=>"✓", "authenticity_token"=>"l20YwBaNYTvPcosPs+Rm1RZNZdeVdkBfySL/7anN6ZOZN/DYwzR5F1cb2N1I3vcYCJUpXAM8/2bDjNUhGvt/Ww==", "diary"=>{"id"=>"138", "title"=>"asdfsdf", "subtitle"=>"", "month"=>"", "pages"=>""}, "commit"=>"Update Diary", "id"=>"139"}
  [1m[36mUser Load (1.2ms)[0m  [1m[34mSELECT  "users".* FROM "users" WHERE "users"."id" = $1 ORDER BY "users"."id" ASC LIMIT $2[0m  [["id", 1], ["LIMIT", 1]]
  ↳ /Users/hotman/.rbenv/versions/2.5.1/lib/ruby/gems/2.5.0/gems/activerecord-5.2.1/lib/active_record/log_subscriber.rb:98
  [1m[36mDiary Load (2.8ms)[0m  [1m[34mSELECT  "diaries".* FROM "diaries" WHERE "diaries"."id" = $1 LIMIT $2[0m  [["id", 139], ["LIMIT", 1]]
  ↳ app/controllers/diaries_controller.rb:78
  [1m[35m (0.8ms)[0m  [1m[35mBEGIN[0m
  ↳ app/controllers/diaries_controller.rb:55
  [1m[36mDiary Update (0.6ms)[0m  [1m[33mUPDATE "diaries" SET "id" = $1, "updated_at" = $2 WHERE "diaries"."id" = $3[0m  [["id", 138], ["updated_at", "2018-10-25 08:45:43.559913"], ["id", 139]]
  ↳ app/controllers/diaries_controller.rb:55
  [1m[35m (0.7ms)[0m  [1m[35mCOMMIT[0m
  ↳ app/controllers/diaries_controller.rb:55
Redirected to http://localhost:3000/diaries/138
Completed 302 Found in 17ms (ActiveRecord: 6.1ms)


Started GET "/diaries/138" for 127.0.0.1 at 2018-10-25 17:45:43 +0900
Processing by DiariesController#show as HTML
  Parameters: {"id"=>"138"}
  [1m[36mUser Load (0.7ms)[0m  [1m[34mSELECT  "users".* FROM "users" WHERE "users"."id" = $1 ORDER BY "users"."id" ASC LIMIT $2[0m  [["id", 1], ["LIMIT", 1]]
  ↳ /Users/hotman/.rbenv/versions/2.5.1/lib/ruby/gems/2.5.0/gems/activerecord-5.2.1/lib/active_record/log_subscriber.rb:98
  [1m[36mDiary Load (0.5ms)[0m  [1m[34mSELECT  "diaries".* FROM "diaries" WHERE "diaries"."id" = $1 LIMIT $2[0m  [["id", 138], ["LIMIT", 1]]
  ↳ app/controllers/diaries_controller.rb:78
  Rendering diaries/show.html.erb within layouts/application
  Rendered diaries/show.html.erb within layouts/application (5.0ms)
Completed 500 Internal Server Error in 27ms (ActiveRecord: 1.2ms)


  
ActionView::Template::Error (nil is not a valid asset source):
    22: <% end %>
    23: 
    24: <p>
    25:   <%= audio_tag(@audio_path, id:"audio", :controls => true) %>
    26: </p>
    27: 
    28: <p>
  
app/views/diaries/show.html.erb:25:in `_app_views_diaries_show_html_erb__548949336333959664_70341665775080'
Started GET "/diaries/138" for 127.0.0.1 at 2018-10-25 17:46:30 +0900
Processing by DiariesController#show as HTML
  Parameters: {"id"=>"138"}
  [1m[36mUser Load (0.7ms)[0m  [1m[34mSELECT  "users".* FROM "users" WHERE "users"."id" = $1 ORDER BY "users"."id" ASC LIMIT $2[0m  [["id", 1], ["LIMIT", 1]]
  ↳ /Users/hotman/.rbenv/versions/2.5.1/lib/ruby/gems/2.5.0/gems/activerecord-5.2.1/lib/active_record/log_subscriber.rb:98
  [1m[36mDiary Load (0.5ms)[0m  [1m[34mSELECT  "diaries".* FROM "diaries" WHERE "diaries"."id" = $1 LIMIT $2[0m  [["id", 138], ["LIMIT", 1]]
  ↳ app/controllers/diaries_controller.rb:80
  Rendering diaries/show.html.erb within layouts/application
  Rendered diaries/show.html.erb within layouts/application (4.6ms)
Completed 500 Internal Server Error in 63ms (ActiveRecord: 8.2ms)


  
ActionView::Template::Error (The asset "app/assets/audios/138.m4a" is not present in the asset pipeline.):
    22: <% end %>
    23: 
    24: <p>
    25:   <%= audio_tag(@audio_path, id:"audio", :controls => true) %>
    26: </p>
    27: 
    28: <p>
  
app/views/diaries/show.html.erb:25:in `_app_views_diaries_show_html_erb__548949336333959664_70341663199300'
Started GET "/diaries/138" for 127.0.0.1 at 2018-10-25 17:46:47 +0900
Processing by DiariesController#show as HTML
  Parameters: {"id"=>"138"}
  [1m[36mUser Load (0.8ms)[0m  [1m[34mSELECT  "users".* FROM "users" WHERE "users"."id" = $1 ORDER BY "users"."id" ASC LIMIT $2[0m  [["id", 1], ["LIMIT", 1]]
  ↳ /Users/hotman/.rbenv/versions/2.5.1/lib/ruby/gems/2.5.0/gems/activerecord-5.2.1/lib/active_record/log_subscriber.rb:98
  [1m[36mDiary Load (7.4ms)[0m  [1m[34mSELECT  "diaries".* FROM "diaries" WHERE "diaries"."id" = $1 LIMIT $2[0m  [["id", 138], ["LIMIT", 1]]
  ↳ app/controllers/diaries_controller.rb:80
  Rendering diaries/show.html.erb within layouts/application
  Rendered diaries/show.html.erb within layouts/application (4.6ms)
Completed 200 OK in 98ms (Views: 42.6ms | ActiveRecord: 21.3ms)


Started GET "/diaries" for 127.0.0.1 at 2018-10-25 17:46:51 +0900
Processing by DiariesController#index as HTML
  [1m[36mUser Load (1.8ms)[0m  [1m[34mSELECT  "users".* FROM "users" WHERE "users"."id" = $1 ORDER BY "users"."id" ASC LIMIT $2[0m  [["id", 1], ["LIMIT", 1]]
  ↳ /Users/hotman/.rbenv/versions/2.5.1/lib/ruby/gems/2.5.0/gems/activerecord-5.2.1/lib/active_record/log_subscriber.rb:98
  Rendering diaries/index.html.erb within layouts/application
  [1m[36mDiary Load (0.9ms)[0m  [1m[34mSELECT "diaries".* FROM "diaries"[0m
  ↳ app/views/diaries/index.html.erb:16
  Rendered diaries/index.html.erb within layouts/application (3.3ms)
Completed 200 OK in 45ms (Views: 36.1ms | ActiveRecord: 2.6ms)


